mode: atomic
github.com/numaestra/numaestra/pkg/openai/circuit_breaker.go:19.61,24.2 1 1
github.com/numaestra/numaestra/pkg/openai/circuit_breaker.go:26.89,28.35 2 6
github.com/numaestra/numaestra/pkg/openai/circuit_breaker.go:28.35,32.3 3 5
github.com/numaestra/numaestra/pkg/openai/circuit_breaker.go:33.2,33.20 1 6
github.com/numaestra/numaestra/pkg/openai/client.go:24.50,25.19 1 5
github.com/numaestra/numaestra/pkg/openai/client.go:25.19,27.3 1 1
github.com/numaestra/numaestra/pkg/openai/client.go:28.2,32.3 1 5
github.com/numaestra/numaestra/pkg/openai/client.go:51.88,68.16 3 3
github.com/numaestra/numaestra/pkg/openai/client.go:68.16,70.3 1 0
github.com/numaestra/numaestra/pkg/openai/client.go:72.2,74.16 3 3
github.com/numaestra/numaestra/pkg/openai/client.go:74.16,76.3 1 0
github.com/numaestra/numaestra/pkg/openai/client.go:78.2,86.16 6 3
github.com/numaestra/numaestra/pkg/openai/client.go:86.16,88.3 1 0
github.com/numaestra/numaestra/pkg/openai/client.go:89.2,91.38 2 3
github.com/numaestra/numaestra/pkg/openai/client.go:91.38,94.3 2 1
github.com/numaestra/numaestra/pkg/openai/client.go:96.2,97.69 2 2
github.com/numaestra/numaestra/pkg/openai/client.go:97.69,99.3 1 0
github.com/numaestra/numaestra/pkg/openai/client.go:101.2,101.32 1 2
github.com/numaestra/numaestra/pkg/openai/client.go:101.32,103.3 1 1
github.com/numaestra/numaestra/pkg/openai/client.go:105.2,105.49 1 1
github.com/numaestra/numaestra/pkg/s3/s3_client.go:37.73,46.2 1 4
github.com/numaestra/numaestra/pkg/s3/s3_client.go:58.105,61.16 2 3
github.com/numaestra/numaestra/pkg/s3/s3_client.go:61.16,63.3 1 1
github.com/numaestra/numaestra/pkg/s3/s3_client.go:64.2,67.74 2 2
github.com/numaestra/numaestra/pkg/s3/s3_client.go:67.74,69.3 1 1
github.com/numaestra/numaestra/pkg/s3/s3_client.go:72.2,73.23 2 1
github.com/numaestra/numaestra/pkg/s3/s3_client.go:78.93,80.16 2 3
github.com/numaestra/numaestra/pkg/s3/s3_client.go:80.16,82.3 1 0
github.com/numaestra/numaestra/pkg/s3/s3_client.go:83.2,84.16 2 3
github.com/numaestra/numaestra/pkg/s3/s3_client.go:84.16,86.3 1 0
github.com/numaestra/numaestra/pkg/s3/s3_client.go:87.2,87.38 1 3
github.com/numaestra/numaestra/pkg/s3/s3_client.go:87.38,90.3 2 1
github.com/numaestra/numaestra/pkg/s3/s3_client.go:91.2,91.43 1 2
github.com/numaestra/numaestra/pkg/s3/s3_client.go:101.111,109.23 6 2
github.com/numaestra/numaestra/pkg/s3/s3_client.go:109.23,111.17 2 0
github.com/numaestra/numaestra/pkg/s3/s3_client.go:111.17,113.4 1 0
github.com/numaestra/numaestra/pkg/s3/s3_client.go:114.3,115.35 2 0
github.com/numaestra/numaestra/pkg/s3/s3_client.go:118.2,119.16 2 2
github.com/numaestra/numaestra/pkg/s3/s3_client.go:119.16,121.3 1 0
github.com/numaestra/numaestra/pkg/s3/s3_client.go:123.2,133.16 8 2
github.com/numaestra/numaestra/pkg/s3/s3_client.go:133.16,135.3 1 0
github.com/numaestra/numaestra/pkg/s3/s3_client.go:136.2,138.79 2 2
github.com/numaestra/numaestra/pkg/s3/s3_client.go:138.79,141.3 2 1
github.com/numaestra/numaestra/pkg/s3/s3_client.go:142.2,142.12 1 1
github.com/numaestra/numaestra/pkg/s3/s3_client.go:147.91,151.24 3 4
github.com/numaestra/numaestra/pkg/s3/s3_client.go:151.24,153.3 1 0
github.com/numaestra/numaestra/pkg/s3/s3_client.go:155.2,190.3 8 4
github.com/numaestra/numaestra/pkg/s3/s3_client.go:193.76,198.2 4 4
github.com/numaestra/numaestra/pkg/s3/s3_client.go:200.42,204.2 3 20
github.com/numaestra/numaestra/pkg/s3/s3_client.go:206.36,209.2 2 4
github.com/numaestra/numaestra/internal/config/config.go:103.30,165.28 2 12
github.com/numaestra/numaestra/internal/config/config.go:165.28,167.3 1 0
github.com/numaestra/numaestra/internal/config/config.go:169.2,169.17 1 12
github.com/numaestra/numaestra/internal/config/config.go:174.42,175.47 1 300
github.com/numaestra/numaestra/internal/config/config.go:175.47,177.3 1 3
github.com/numaestra/numaestra/internal/config/config.go:178.2,178.17 1 297
github.com/numaestra/numaestra/internal/config/config.go:181.71,183.20 2 12
github.com/numaestra/numaestra/internal/config/config.go:183.20,185.3 1 10
github.com/numaestra/numaestra/internal/config/config.go:186.2,187.16 2 2
github.com/numaestra/numaestra/internal/config/config.go:187.16,189.3 1 1
github.com/numaestra/numaestra/internal/config/config.go:190.2,190.10 1 1
github.com/numaestra/numaestra/internal/config/config.go:193.52,195.20 2 48
github.com/numaestra/numaestra/internal/config/config.go:195.20,197.3 1 47
github.com/numaestra/numaestra/internal/config/config.go:198.2,199.16 2 1
github.com/numaestra/numaestra/internal/config/config.go:199.16,201.3 1 0
github.com/numaestra/numaestra/internal/config/config.go:202.2,202.10 1 1
github.com/numaestra/numaestra/internal/config/config.go:208.54,210.39 2 12
github.com/numaestra/numaestra/internal/config/config.go:210.39,212.3 1 12
github.com/numaestra/numaestra/internal/config/config.go:213.2,215.26 3 12
github.com/numaestra/numaestra/internal/config/config.go:215.26,216.53 1 24
github.com/numaestra/numaestra/internal/config/config.go:216.53,218.4 1 24
github.com/numaestra/numaestra/internal/config/config.go:220.2,220.12 1 12
github.com/numaestra/numaestra/internal/config/config.go:223.37,225.39 2 24
github.com/numaestra/numaestra/internal/config/config.go:225.39,227.3 1 24
github.com/numaestra/numaestra/internal/config/config.go:228.2,230.26 3 0
github.com/numaestra/numaestra/internal/config/config.go:230.26,231.53 1 0
github.com/numaestra/numaestra/internal/config/config.go:231.53,233.4 1 0
github.com/numaestra/numaestra/internal/config/config.go:235.2,235.12 1 0
github.com/numaestra/numaestra/internal/config/config.go:238.49,240.20 2 12
github.com/numaestra/numaestra/internal/config/config.go:240.20,242.3 1 3
github.com/numaestra/numaestra/internal/config/config.go:243.2,244.61 2 9
github.com/numaestra/numaestra/pkg/robokassa/robokassa.go:40.75,47.2 1 10
github.com/numaestra/numaestra/pkg/robokassa/robokassa.go:53.84,58.14 4 5
github.com/numaestra/numaestra/pkg/robokassa/robokassa.go:58.14,60.3 1 1
github.com/numaestra/numaestra/pkg/robokassa/robokassa.go:62.2,70.47 8 5
github.com/numaestra/numaestra/pkg/robokassa/robokassa.go:76.70,84.2 3 7
github.com/numaestra/numaestra/pkg/robokassa/robokassa.go:90.47,92.23 2 14
github.com/numaestra/numaestra/pkg/robokassa/robokassa.go:92.23,95.3 2 1
github.com/numaestra/numaestra/pkg/robokassa/robokassa.go:96.2,96.77 1 14
github.com/numaestra/numaestra/pkg/robokassa/robokassa.go:102.55,104.13 2 19
github.com/numaestra/numaestra/pkg/robokassa/robokassa.go:104.13,106.3 1 1
github.com/numaestra/numaestra/pkg/robokassa/robokassa.go:108.2,109.18 2 18
github.com/numaestra/numaestra/pkg/robokassa/robokassa.go:109.18,111.3 1 1
github.com/numaestra/numaestra/pkg/robokassa/robokassa.go:113.2,114.27 2 18
github.com/numaestra/numaestra/pkg/robokassa/robokassa.go:114.27,116.3 1 1
github.com/numaestra/numaestra/pkg/robokassa/robokassa.go:118.2,119.17 2 17
github.com/numaestra/numaestra/pkg/robokassa/robokassa.go:119.17,120.22 1 16
github.com/numaestra/numaestra/pkg/robokassa/robokassa.go:121.10,122.11 1 1
github.com/numaestra/numaestra/pkg/robokassa/robokassa.go:123.10,125.28 2 1
github.com/numaestra/numaestra/pkg/robokassa/robokassa.go:125.28,127.5 1 0
github.com/numaestra/numaestra/pkg/robokassa/robokassa.go:128.4,128.16 1 1
github.com/numaestra/numaestra/pkg/robokassa/robokassa.go:129.10,131.28 2 13
github.com/numaestra/numaestra/pkg/robokassa/robokassa.go:131.28,133.5 1 1
github.com/numaestra/numaestra/pkg/robokassa/robokassa.go:134.4,134.11 1 12
github.com/numaestra/numaestra/pkg/robokassa/robokassa.go:135.11,136.117 1 1
github.com/numaestra/numaestra/pkg/robokassa/robokassa.go:140.2,140.27 1 15
github.com/numaestra/numaestra/pkg/robokassa/robokassa.go:147.80,158.16 9 0
github.com/numaestra/numaestra/pkg/robokassa/robokassa.go:158.16,160.3 1 0
github.com/numaestra/numaestra/pkg/robokassa/robokassa.go:161.2,164.16 3 0
github.com/numaestra/numaestra/pkg/robokassa/robokassa.go:164.16,166.3 1 0
github.com/numaestra/numaestra/pkg/robokassa/robokassa.go:167.2,170.38 3 0
github.com/numaestra/numaestra/pkg/robokassa/robokassa.go:170.38,172.3 1 0
github.com/numaestra/numaestra/pkg/robokassa/robokassa.go:175.2,176.39 2 0
github.com/numaestra/numaestra/pkg/robokassa/robokassa.go:176.39,178.3 1 0
github.com/numaestra/numaestra/pkg/robokassa/robokassa.go:179.2,179.12 1 0
github.com/numaestra/numaestra/pkg/robokassa/robokassa.go:184.59,187.2 2 6
github.com/numaestra/numaestra/pkg/robokassa/robokassa.go:191.59,194.2 2 11
github.com/numaestra/numaestra/pkg/robokassa/robokassa.go:196.32,199.2 2 17
github.com/numaestra/numaestra/pkg/circuitbreaker/breaker.go:47.70,53.2 1 7
github.com/numaestra/numaestra/pkg/circuitbreaker/breaker.go:59.45,61.17 2 16
github.com/numaestra/numaestra/pkg/circuitbreaker/breaker.go:62.17,63.41 1 3
github.com/numaestra/numaestra/pkg/circuitbreaker/breaker.go:63.41,66.4 2 1
github.com/numaestra/numaestra/pkg/circuitbreaker/breaker.go:68.3,68.26 1 2
github.com/numaestra/numaestra/pkg/circuitbreaker/breaker.go:70.2,77.16 5 15
github.com/numaestra/numaestra/pkg/circuitbreaker/breaker.go:77.16,79.60 2 12
github.com/numaestra/numaestra/pkg/circuitbreaker/breaker.go:79.60,82.4 2 5
github.com/numaestra/numaestra/pkg/circuitbreaker/breaker.go:83.3,83.13 1 12
github.com/numaestra/numaestra/pkg/circuitbreaker/breaker.go:87.2,89.12 3 3
github.com/numaestra/numaestra/pkg/circuitbreaker/breaker.go:93.34,96.17 3 6
github.com/numaestra/numaestra/pkg/circuitbreaker/breaker.go:97.17,98.16 1 2
github.com/numaestra/numaestra/pkg/circuitbreaker/breaker.go:99.21,100.21 1 0
github.com/numaestra/numaestra/pkg/circuitbreaker/breaker.go:101.10,102.18 1 4
github.com/numaestra/numaestra/pkg/banner/banner.go:32.31,34.28 2 1
github.com/numaestra/numaestra/pkg/banner/banner.go:34.28,35.49 1 6
github.com/numaestra/numaestra/pkg/banner/banner.go:35.49,37.4 1 1
github.com/numaestra/numaestra/pkg/banner/banner.go:39.2,39.12 1 1
github.com/numaestra/numaestra/pkg/banner/banner.go:42.43,44.17 2 26
github.com/numaestra/numaestra/pkg/banner/banner.go:44.17,46.3 1 13
github.com/numaestra/numaestra/pkg/banner/banner.go:47.2,47.42 1 13
github.com/numaestra/numaestra/pkg/banner/banner.go:50.40,52.2 1 6
github.com/numaestra/numaestra/pkg/banner/banner.go:54.33,57.2 1 18
github.com/numaestra/numaestra/pkg/banner/banner.go:59.69,67.13 6 6
github.com/numaestra/numaestra/pkg/banner/banner.go:67.13,69.3 1 0
github.com/numaestra/numaestra/pkg/banner/banner.go:71.2,91.19 18 6
github.com/numaestra/numaestra/pkg/banner/banner.go:95.46,99.28 3 2
github.com/numaestra/numaestra/pkg/banner/banner.go:99.28,101.3 1 12
github.com/numaestra/numaestra/pkg/banner/banner.go:103.2,111.17 6 2
github.com/numaestra/numaestra/pkg/migrate/migrate.go:47.95,52.16 2 0
github.com/numaestra/numaestra/pkg/migrate/migrate.go:52.16,54.3 1 0
github.com/numaestra/numaestra/pkg/migrate/migrate.go:55.2,57.91 2 0
github.com/numaestra/numaestra/pkg/migrate/migrate.go:57.91,59.3 1 0
github.com/numaestra/numaestra/pkg/migrate/migrate.go:60.2,63.65 2 0
github.com/numaestra/numaestra/pkg/migrate/migrate.go:63.65,65.3 1 0
github.com/numaestra/numaestra/pkg/migrate/migrate.go:68.2,69.16 2 0
github.com/numaestra/numaestra/pkg/migrate/migrate.go:69.16,71.3 1 0
github.com/numaestra/numaestra/pkg/migrate/migrate.go:74.2,75.16 2 0
github.com/numaestra/numaestra/pkg/migrate/migrate.go:75.16,77.3 1 0
github.com/numaestra/numaestra/pkg/migrate/migrate.go:79.2,80.28 2 0
github.com/numaestra/numaestra/pkg/migrate/migrate.go:80.28,81.56 1 0
github.com/numaestra/numaestra/pkg/migrate/migrate.go:81.56,83.4 1 0
github.com/numaestra/numaestra/pkg/migrate/migrate.go:85.2,88.29 2 0
github.com/numaestra/numaestra/pkg/migrate/migrate.go:88.29,89.20 1 0
github.com/numaestra/numaestra/pkg/migrate/migrate.go:89.20,91.12 2 0
github.com/numaestra/numaestra/pkg/migrate/migrate.go:94.3,95.17 2 0
github.com/numaestra/numaestra/pkg/migrate/migrate.go:95.17,97.4 1 0
github.com/numaestra/numaestra/pkg/migrate/migrate.go:99.3,99.70 1 0
github.com/numaestra/numaestra/pkg/migrate/migrate.go:99.70,101.4 1 0
github.com/numaestra/numaestra/pkg/migrate/migrate.go:103.3,103.67 1 0
github.com/numaestra/numaestra/pkg/migrate/migrate.go:106.2,106.12 1 0
github.com/numaestra/numaestra/pkg/migrate/migrate.go:109.88,111.16 2 0
github.com/numaestra/numaestra/pkg/migrate/migrate.go:111.16,113.3 1 0
github.com/numaestra/numaestra/pkg/migrate/migrate.go:114.2,117.18 3 0
github.com/numaestra/numaestra/pkg/migrate/migrate.go:117.18,119.39 2 0
github.com/numaestra/numaestra/pkg/migrate/migrate.go:119.39,121.4 1 0
github.com/numaestra/numaestra/pkg/migrate/migrate.go:122.3,122.20 1 0
github.com/numaestra/numaestra/pkg/migrate/migrate.go:124.2,124.28 1 0
github.com/numaestra/numaestra/pkg/migrate/migrate.go:127.89,129.16 2 0
github.com/numaestra/numaestra/pkg/migrate/migrate.go:129.16,131.3 1 0
github.com/numaestra/numaestra/pkg/migrate/migrate.go:132.2,134.45 2 0
github.com/numaestra/numaestra/pkg/migrate/migrate.go:134.45,136.3 1 0
github.com/numaestra/numaestra/pkg/migrate/migrate.go:138.2,140.16 1 0
github.com/numaestra/numaestra/pkg/migrate/migrate.go:140.16,142.3 1 0
github.com/numaestra/numaestra/pkg/migrate/migrate.go:144.2,144.23 1 0
github.com/numaestra/numaestra/pkg/logger/logger.go:11.35,14.18 2 2
github.com/numaestra/numaestra/pkg/logger/logger.go:14.18,16.3 1 1
github.com/numaestra/numaestra/pkg/logger/logger.go:16.8,20.3 1 1
github.com/numaestra/numaestra/pkg/logger/logger.go:22.2,25.10 3 2
github.com/numaestra/numaestra/pkg/logger/neon_handler.go:26.57,27.9 1 8
github.com/numaestra/numaestra/pkg/logger/neon_handler.go:28.30,29.29 1 1
github.com/numaestra/numaestra/pkg/logger/neon_handler.go:30.30,31.28 1 5
github.com/numaestra/numaestra/pkg/logger/neon_handler.go:32.31,33.28 1 1
github.com/numaestra/numaestra/pkg/logger/neon_handler.go:34.10,35.26 1 1
github.com/numaestra/numaestra/pkg/logger/neon_handler.go:47.65,53.2 1 11
github.com/numaestra/numaestra/pkg/logger/neon_handler.go:55.73,57.2 1 11
github.com/numaestra/numaestra/pkg/logger/neon_handler.go:59.65,60.21 1 2
github.com/numaestra/numaestra/pkg/logger/neon_handler.go:60.21,62.3 1 1
github.com/numaestra/numaestra/pkg/logger/neon_handler.go:63.2,66.88 4 1
github.com/numaestra/numaestra/pkg/logger/neon_handler.go:69.59,70.16 1 2
github.com/numaestra/numaestra/pkg/logger/neon_handler.go:70.16,72.3 1 1
github.com/numaestra/numaestra/pkg/logger/neon_handler.go:74.2,74.102 1 1
github.com/numaestra/numaestra/pkg/logger/neon_handler.go:77.70,100.28 18 8
github.com/numaestra/numaestra/pkg/logger/neon_handler.go:100.28,102.3 1 1
github.com/numaestra/numaestra/pkg/logger/neon_handler.go:103.2,103.33 1 8
github.com/numaestra/numaestra/pkg/logger/neon_handler.go:103.33,106.3 2 3
github.com/numaestra/numaestra/pkg/logger/neon_handler.go:108.2,113.12 5 8
github.com/numaestra/numaestra/pkg/logger/neon_handler.go:116.64,118.26 2 5
github.com/numaestra/numaestra/pkg/logger/neon_handler.go:118.26,120.3 1 0
github.com/numaestra/numaestra/pkg/logger/neon_handler.go:123.2,123.38 1 5
github.com/numaestra/numaestra/pkg/logger/neon_handler.go:123.38,125.22 2 1
github.com/numaestra/numaestra/pkg/logger/neon_handler.go:125.22,127.4 1 0
github.com/numaestra/numaestra/pkg/logger/neon_handler.go:128.3,129.28 2 1
github.com/numaestra/numaestra/pkg/logger/neon_handler.go:129.28,131.4 1 1
github.com/numaestra/numaestra/pkg/logger/neon_handler.go:132.3,132.9 1 1
github.com/numaestra/numaestra/pkg/logger/neon_handler.go:135.2,139.72 3 4
github.com/numaestra/numaestra/pkg/logger/neon_handler.go:139.72,141.3 1 0
github.com/numaestra/numaestra/pkg/logger/neon_handler.go:143.2,152.26 10 4
github.com/numaestra/numaestra/pkg/suno/client.go:35.50,43.2 1 4
github.com/numaestra/numaestra/pkg/suno/client.go:67.89,71.16 3 2
github.com/numaestra/numaestra/pkg/suno/client.go:71.16,73.3 1 0
github.com/numaestra/numaestra/pkg/suno/client.go:75.2,76.16 2 2
github.com/numaestra/numaestra/pkg/suno/client.go:76.16,78.3 1 0
github.com/numaestra/numaestra/pkg/suno/client.go:80.2,81.20 2 2
github.com/numaestra/numaestra/pkg/suno/client.go:81.20,83.3 1 2
github.com/numaestra/numaestra/pkg/suno/client.go:85.2,86.16 2 2
github.com/numaestra/numaestra/pkg/suno/client.go:86.16,88.3 1 0
github.com/numaestra/numaestra/pkg/suno/client.go:89.2,91.38 2 2
github.com/numaestra/numaestra/pkg/suno/client.go:91.38,94.3 2 1
github.com/numaestra/numaestra/pkg/suno/client.go:96.2,97.66 2 1
github.com/numaestra/numaestra/pkg/suno/client.go:97.66,99.3 1 0
github.com/numaestra/numaestra/pkg/suno/client.go:101.2,101.19 1 1
github.com/numaestra/numaestra/pkg/suno/client.go:105.81,106.19 1 2
github.com/numaestra/numaestra/pkg/suno/client.go:106.19,108.3 1 1
github.com/numaestra/numaestra/pkg/suno/client.go:110.2,113.16 3 1
github.com/numaestra/numaestra/pkg/suno/client.go:113.16,115.3 1 0
github.com/numaestra/numaestra/pkg/suno/client.go:117.2,117.20 1 1
github.com/numaestra/numaestra/pkg/suno/client.go:117.20,119.3 1 1
github.com/numaestra/numaestra/pkg/suno/client.go:121.2,122.16 2 1
github.com/numaestra/numaestra/pkg/suno/client.go:122.16,124.3 1 0
github.com/numaestra/numaestra/pkg/suno/client.go:125.2,127.38 2 1
github.com/numaestra/numaestra/pkg/suno/client.go:127.38,130.3 2 0
github.com/numaestra/numaestra/pkg/suno/client.go:132.2,133.66 2 1
github.com/numaestra/numaestra/pkg/suno/client.go:133.66,135.3 1 0
github.com/numaestra/numaestra/pkg/suno/client.go:137.2,137.19 1 1
github.com/numaestra/numaestra/pkg/suno/mock.go:19.89,20.27 1 2
github.com/numaestra/numaestra/pkg/suno/mock.go:20.27,22.3 1 1
github.com/numaestra/numaestra/pkg/suno/mock.go:23.2,26.8 1 1
github.com/numaestra/numaestra/pkg/suno/mock.go:30.81,31.26 1 1
github.com/numaestra/numaestra/pkg/suno/mock.go:31.26,33.3 1 0
github.com/numaestra/numaestra/pkg/suno/mock.go:34.2,35.25 2 1
github.com/numaestra/numaestra/pkg/suno/mock.go:35.25,42.3 1 2
github.com/numaestra/numaestra/pkg/suno/mock.go:43.2,43.19 1 1
github.com/numaestra/numaestra/pkg/notify/notify.go:37.52,39.2 1 2
github.com/numaestra/numaestra/pkg/notify/notify.go:41.108,49.2 2 1
github.com/numaestra/numaestra/pkg/notify/smtp_notifier.go:26.98,35.2 1 1
github.com/numaestra/numaestra/pkg/notify/smtp_notifier.go:37.102,38.23 1 1
github.com/numaestra/numaestra/pkg/notify/smtp_notifier.go:38.23,40.3 1 1
github.com/numaestra/numaestra/pkg/notify/smtp_notifier.go:42.2,50.19 7 0
github.com/numaestra/numaestra/pkg/notify/smtp_notifier.go:50.19,52.3 1 0
github.com/numaestra/numaestra/pkg/notify/smtp_notifier.go:52.8,54.3 1 0
github.com/numaestra/numaestra/pkg/notify/smtp_notifier.go:55.2,55.16 1 0
github.com/numaestra/numaestra/pkg/notify/smtp_notifier.go:59.88,61.16 2 0
github.com/numaestra/numaestra/pkg/notify/smtp_notifier.go:61.16,63.3 1 0
github.com/numaestra/numaestra/pkg/notify/smtp_notifier.go:64.2,67.47 3 0
github.com/numaestra/numaestra/pkg/notify/smtp_notifier.go:67.47,69.3 1 0
github.com/numaestra/numaestra/pkg/notify/smtp_notifier.go:70.2,70.48 1 0
github.com/numaestra/numaestra/pkg/notify/smtp_notifier.go:74.91,77.16 3 0
github.com/numaestra/numaestra/pkg/notify/smtp_notifier.go:77.16,79.3 1 0
github.com/numaestra/numaestra/pkg/notify/smtp_notifier.go:80.2,83.16 3 0
github.com/numaestra/numaestra/pkg/notify/smtp_notifier.go:83.16,85.3 1 0
github.com/numaestra/numaestra/pkg/notify/smtp_notifier.go:86.2,88.48 2 0
github.com/numaestra/numaestra/pkg/notify/smtp_notifier.go:91.98,92.42 1 0
github.com/numaestra/numaestra/pkg/notify/smtp_notifier.go:92.42,94.3 1 0
github.com/numaestra/numaestra/pkg/notify/smtp_notifier.go:95.2,95.44 1 0
github.com/numaestra/numaestra/pkg/notify/smtp_notifier.go:95.44,97.3 1 0
github.com/numaestra/numaestra/pkg/notify/smtp_notifier.go:98.2,98.40 1 0
github.com/numaestra/numaestra/pkg/notify/smtp_notifier.go:98.40,100.3 1 0
github.com/numaestra/numaestra/pkg/notify/smtp_notifier.go:101.2,102.16 2 0
github.com/numaestra/numaestra/pkg/notify/smtp_notifier.go:102.16,104.3 1 0
github.com/numaestra/numaestra/pkg/notify/smtp_notifier.go:105.2,106.46 2 0
github.com/numaestra/numaestra/pkg/notify/smtp_notifier.go:106.46,108.3 1 0
github.com/numaestra/numaestra/pkg/notify/smtp_notifier.go:109.2,109.12 1 0
github.com/numaestra/numaestra/pkg/notify/smtp_notifier.go:113.74,115.38 2 1
github.com/numaestra/numaestra/pkg/notify/smtp_notifier.go:115.38,120.3 1 2
github.com/numaestra/numaestra/pkg/notify/smtp_notifier.go:122.2,173.3 1 1
github.com/numaestra/numaestra/pkg/notify/smtp_notifier.go:176.44,178.2 1 1
github.com/numaestra/numaestra/pkg/notify/smtp_notifier.go:181.76,183.20 2 1
github.com/numaestra/numaestra/pkg/notify/smtp_notifier.go:183.20,185.3 1 1
github.com/numaestra/numaestra/pkg/notify/smtp_notifier.go:187.2,195.20 9 1
github.com/numaestra/numaestra/internal/repository/queue/asynq_publisher.go:39.62,41.2 1 1
github.com/numaestra/numaestra/internal/repository/queue/asynq_publisher.go:46.94,48.16 2 0
github.com/numaestra/numaestra/internal/repository/queue/asynq_publisher.go:48.16,50.3 1 0
github.com/numaestra/numaestra/internal/repository/queue/asynq_publisher.go:52.2,62.71 3 0
github.com/numaestra/numaestra/internal/repository/queue/asynq_publisher.go:62.71,63.46 1 0
github.com/numaestra/numaestra/internal/repository/queue/asynq_publisher.go:63.46,65.4 1 0
github.com/numaestra/numaestra/internal/repository/queue/asynq_publisher.go:66.3,66.103 1 0
github.com/numaestra/numaestra/internal/repository/queue/asynq_publisher.go:68.2,68.12 1 0
github.com/numaestra/numaestra/internal/repository/queue/asynq_publisher.go:71.113,74.16 2 0
github.com/numaestra/numaestra/internal/repository/queue/asynq_publisher.go:74.16,76.3 1 0
github.com/numaestra/numaestra/internal/repository/queue/asynq_publisher.go:77.2,81.106 2 0
github.com/numaestra/numaestra/internal/repository/queue/asynq_publisher.go:81.106,83.3 1 0
github.com/numaestra/numaestra/internal/repository/queue/asynq_publisher.go:84.2,84.12 1 0
github.com/numaestra/numaestra/internal/domain/account.go:73.93,74.17 1 18
github.com/numaestra/numaestra/internal/domain/account.go:74.17,76.3 1 1
github.com/numaestra/numaestra/internal/domain/account.go:77.2,77.28 1 17
github.com/numaestra/numaestra/internal/domain/account.go:77.28,79.3 1 1
github.com/numaestra/numaestra/internal/domain/account.go:80.2,80.22 1 16
github.com/numaestra/numaestra/internal/domain/account.go:80.22,82.3 1 1
github.com/numaestra/numaestra/internal/domain/account.go:84.2,94.8 2 15
github.com/numaestra/numaestra/internal/domain/account.go:98.58,99.11 1 1
github.com/numaestra/numaestra/internal/domain/account.go:99.11,101.3 1 0
github.com/numaestra/numaestra/internal/domain/account.go:102.2,104.12 3 1
github.com/numaestra/numaestra/internal/domain/account.go:125.61,127.23 2 0
github.com/numaestra/numaestra/internal/domain/account.go:127.23,130.3 1 0
github.com/numaestra/numaestra/internal/domain/account.go:131.2,144.3 1 0
github.com/numaestra/numaestra/internal/domain/account.go:148.50,148.65 1 0
github.com/numaestra/numaestra/internal/domain/account.go:149.50,149.69 1 8
github.com/numaestra/numaestra/internal/domain/account.go:150.50,150.68 1 0
github.com/numaestra/numaestra/internal/domain/account.go:151.50,151.79 1 0
github.com/numaestra/numaestra/internal/domain/account.go:152.50,152.75 1 2
github.com/numaestra/numaestra/internal/domain/account.go:153.51,153.76 1 0
github.com/numaestra/numaestra/internal/domain/account.go:154.51,154.82 1 0
github.com/numaestra/numaestra/internal/domain/account.go:155.51,155.79 1 5
github.com/numaestra/numaestra/internal/domain/account.go:156.51,156.77 1 0
github.com/numaestra/numaestra/internal/domain/account.go:157.51,157.73 1 0
github.com/numaestra/numaestra/internal/domain/account.go:161.55,162.37 1 12
github.com/numaestra/numaestra/internal/domain/account.go:162.37,164.3 1 1
github.com/numaestra/numaestra/internal/domain/account.go:165.2,165.25 1 11
github.com/numaestra/numaestra/internal/domain/account.go:165.25,167.3 1 0
github.com/numaestra/numaestra/internal/domain/account.go:168.2,168.60 1 11
github.com/numaestra/numaestra/internal/domain/account.go:168.60,170.3 1 0
github.com/numaestra/numaestra/internal/domain/account.go:171.2,171.47 1 11
github.com/numaestra/numaestra/internal/domain/account.go:171.47,173.3 1 2
github.com/numaestra/numaestra/internal/domain/account.go:174.2,174.13 1 9
github.com/numaestra/numaestra/internal/domain/account.go:182.56,183.25 1 8
github.com/numaestra/numaestra/internal/domain/account.go:183.25,185.3 1 1
github.com/numaestra/numaestra/internal/domain/account.go:186.2,189.12 4 7
github.com/numaestra/numaestra/internal/domain/account.go:195.37,196.27 1 3
github.com/numaestra/numaestra/internal/domain/account.go:196.27,198.3 1 2
github.com/numaestra/numaestra/internal/domain/account.go:199.2,201.11 3 3
github.com/numaestra/numaestra/internal/domain/account.go:205.55,206.16 1 3
github.com/numaestra/numaestra/internal/domain/account.go:206.16,208.3 1 0
github.com/numaestra/numaestra/internal/domain/account.go:209.2,209.29 1 3
github.com/numaestra/numaestra/internal/domain/account.go:209.29,211.3 1 1
github.com/numaestra/numaestra/internal/domain/account.go:212.2,213.25 2 2
github.com/numaestra/numaestra/internal/domain/account.go:213.25,215.3 1 1
github.com/numaestra/numaestra/internal/domain/account.go:216.2,217.12 2 2
github.com/numaestra/numaestra/internal/domain/account.go:221.61,226.2 4 2
github.com/numaestra/numaestra/internal/domain/account.go:230.54,232.33 2 8
github.com/numaestra/numaestra/internal/domain/account.go:232.33,234.3 1 2
github.com/numaestra/numaestra/internal/domain/account.go:235.2,235.11 1 8
github.com/numaestra/numaestra/internal/domain/account.go:239.39,242.2 2 1
github.com/numaestra/numaestra/internal/domain/account.go:244.31,246.2 1 24
github.com/numaestra/numaestra/internal/domain/account.go:268.54,283.2 1 0
github.com/numaestra/numaestra/internal/domain/category.go:46.52,56.2 1 0
github.com/numaestra/numaestra/internal/domain/category.go:59.48,69.2 1 0
github.com/numaestra/numaestra/internal/domain/category.go:72.50,72.65 1 0
github.com/numaestra/numaestra/internal/domain/category.go:73.50,73.68 1 0
github.com/numaestra/numaestra/internal/domain/category.go:74.50,74.74 1 0
github.com/numaestra/numaestra/internal/domain/category.go:75.50,75.76 1 0
github.com/numaestra/numaestra/internal/domain/category.go:76.50,76.70 1 0
github.com/numaestra/numaestra/internal/domain/category.go:77.50,77.81 1 0
github.com/numaestra/numaestra/internal/domain/category.go:78.50,78.72 1 0
github.com/numaestra/numaestra/internal/domain/category.go:82.50,99.2 2 0
github.com/numaestra/numaestra/internal/domain/order.go:104.137,105.48 1 19
github.com/numaestra/numaestra/internal/domain/order.go:105.48,107.3 1 1
github.com/numaestra/numaestra/internal/domain/order.go:108.2,108.17 1 18
github.com/numaestra/numaestra/internal/domain/order.go:108.17,110.3 1 1
github.com/numaestra/numaestra/internal/domain/order.go:111.2,111.52 1 17
github.com/numaestra/numaestra/internal/domain/order.go:111.52,113.3 1 1
github.com/numaestra/numaestra/internal/domain/order.go:114.2,114.24 1 16
github.com/numaestra/numaestra/internal/domain/order.go:114.24,116.3 1 2
github.com/numaestra/numaestra/internal/domain/order.go:118.2,121.16 3 14
github.com/numaestra/numaestra/internal/domain/order.go:121.16,123.3 1 0
github.com/numaestra/numaestra/internal/domain/order.go:125.2,140.8 1 14
github.com/numaestra/numaestra/internal/domain/order.go:144.44,146.40 2 14
github.com/numaestra/numaestra/internal/domain/order.go:146.40,148.3 1 0
github.com/numaestra/numaestra/internal/domain/order.go:149.2,149.35 1 14
github.com/numaestra/numaestra/internal/domain/order.go:176.43,187.2 1 1
github.com/numaestra/numaestra/internal/domain/order.go:191.53,191.68 1 3
github.com/numaestra/numaestra/internal/domain/order.go:192.53,192.75 1 0
github.com/numaestra/numaestra/internal/domain/order.go:193.53,193.79 1 0
github.com/numaestra/numaestra/internal/domain/order.go:194.53,194.79 1 0
github.com/numaestra/numaestra/internal/domain/order.go:195.53,195.71 1 0
github.com/numaestra/numaestra/internal/domain/order.go:196.53,196.76 1 0
github.com/numaestra/numaestra/internal/domain/order.go:197.53,197.76 1 0
github.com/numaestra/numaestra/internal/domain/order.go:198.53,198.79 1 0
github.com/numaestra/numaestra/internal/domain/order.go:199.53,199.74 1 0
github.com/numaestra/numaestra/internal/domain/order.go:200.53,200.79 1 3
github.com/numaestra/numaestra/internal/domain/order.go:201.53,201.82 1 6
github.com/numaestra/numaestra/internal/domain/order.go:202.53,202.83 1 1
github.com/numaestra/numaestra/internal/domain/order.go:203.53,203.72 1 1
github.com/numaestra/numaestra/internal/domain/order.go:204.53,204.79 1 1
github.com/numaestra/numaestra/internal/domain/order.go:205.53,205.77 1 6
github.com/numaestra/numaestra/internal/domain/order.go:206.53,206.75 1 0
github.com/numaestra/numaestra/internal/domain/order.go:211.34,212.42 1 7
github.com/numaestra/numaestra/internal/domain/order.go:212.42,214.3 1 1
github.com/numaestra/numaestra/internal/domain/order.go:215.2,215.45 1 6
github.com/numaestra/numaestra/internal/domain/order.go:215.45,217.3 1 0
github.com/numaestra/numaestra/internal/domain/order.go:218.2,222.12 5 6
github.com/numaestra/numaestra/internal/domain/order.go:226.43,227.45 1 1
github.com/numaestra/numaestra/internal/domain/order.go:227.45,229.3 1 0
github.com/numaestra/numaestra/internal/domain/order.go:230.2,232.12 3 1
github.com/numaestra/numaestra/internal/domain/order.go:236.38,237.42 1 0
github.com/numaestra/numaestra/internal/domain/order.go:237.42,239.3 1 0
github.com/numaestra/numaestra/internal/domain/order.go:240.2,242.12 3 0
github.com/numaestra/numaestra/internal/domain/order.go:248.33,249.42 1 5
github.com/numaestra/numaestra/internal/domain/order.go:249.42,251.3 1 1
github.com/numaestra/numaestra/internal/domain/order.go:252.2,252.47 1 4
github.com/numaestra/numaestra/internal/domain/order.go:252.47,254.3 1 0
github.com/numaestra/numaestra/internal/domain/order.go:255.2,257.12 3 4
github.com/numaestra/numaestra/internal/domain/order.go:261.60,262.50 1 4
github.com/numaestra/numaestra/internal/domain/order.go:262.50,264.3 1 0
github.com/numaestra/numaestra/internal/domain/order.go:265.2,268.12 4 4
github.com/numaestra/numaestra/internal/domain/order.go:272.48,273.54 1 2
github.com/numaestra/numaestra/internal/domain/order.go:273.54,275.3 1 0
github.com/numaestra/numaestra/internal/domain/order.go:276.2,276.22 1 2
github.com/numaestra/numaestra/internal/domain/order.go:276.22,278.3 1 1
github.com/numaestra/numaestra/internal/domain/order.go:279.2,284.12 6 1
github.com/numaestra/numaestra/internal/domain/order.go:288.43,289.53 1 1
github.com/numaestra/numaestra/internal/domain/order.go:289.53,291.3 1 0
github.com/numaestra/numaestra/internal/domain/order.go:292.2,295.12 4 1
github.com/numaestra/numaestra/internal/domain/order.go:300.41,301.54 1 1
github.com/numaestra/numaestra/internal/domain/order.go:301.54,303.3 1 0
github.com/numaestra/numaestra/internal/domain/order.go:304.2,307.12 4 1
github.com/numaestra/numaestra/internal/domain/order.go:310.25,312.2 1 18
github.com/numaestra/numaestra/internal/domain/order.go:325.42,347.2 1 1
github.com/numaestra/numaestra/internal/usecase/admin_usecase.go:34.17,41.2 1 12
github.com/numaestra/numaestra/internal/usecase/admin_usecase.go:46.137,48.16 2 2
github.com/numaestra/numaestra/internal/usecase/admin_usecase.go:48.16,50.3 1 0
github.com/numaestra/numaestra/internal/usecase/admin_usecase.go:51.2,51.23 1 2
github.com/numaestra/numaestra/internal/usecase/admin_usecase.go:51.23,52.66 1 1
github.com/numaestra/numaestra/internal/usecase/admin_usecase.go:52.66,54.4 1 0
github.com/numaestra/numaestra/internal/usecase/admin_usecase.go:56.2,56.56 1 2
github.com/numaestra/numaestra/internal/usecase/admin_usecase.go:56.56,58.3 1 0
github.com/numaestra/numaestra/internal/usecase/admin_usecase.go:59.2,60.17 2 2
github.com/numaestra/numaestra/internal/usecase/admin_usecase.go:64.90,66.16 2 1
github.com/numaestra/numaestra/internal/usecase/admin_usecase.go:66.16,68.3 1 0
github.com/numaestra/numaestra/internal/usecase/admin_usecase.go:69.2,69.22 1 1
github.com/numaestra/numaestra/internal/usecase/admin_usecase.go:73.112,74.16 1 2
github.com/numaestra/numaestra/internal/usecase/admin_usecase.go:75.125,75.125 0 1
github.com/numaestra/numaestra/internal/usecase/admin_usecase.go:77.10,78.115 1 1
github.com/numaestra/numaestra/internal/usecase/admin_usecase.go:80.2,80.66 1 1
github.com/numaestra/numaestra/internal/usecase/admin_usecase.go:80.66,82.3 1 0
github.com/numaestra/numaestra/internal/usecase/admin_usecase.go:83.2,84.12 2 1
github.com/numaestra/numaestra/internal/usecase/admin_usecase.go:89.106,90.14 1 2
github.com/numaestra/numaestra/internal/usecase/admin_usecase.go:90.14,92.3 1 1
github.com/numaestra/numaestra/internal/usecase/admin_usecase.go:93.2,93.34 1 2
github.com/numaestra/numaestra/internal/usecase/admin_usecase.go:93.34,95.3 1 1
github.com/numaestra/numaestra/internal/usecase/admin_usecase.go:96.2,99.16 3 2
github.com/numaestra/numaestra/internal/usecase/admin_usecase.go:99.16,101.3 1 0
github.com/numaestra/numaestra/internal/usecase/admin_usecase.go:103.2,104.16 2 2
github.com/numaestra/numaestra/internal/usecase/admin_usecase.go:104.16,106.3 1 0
github.com/numaestra/numaestra/internal/usecase/admin_usecase.go:107.2,107.27 1 2
github.com/numaestra/numaestra/internal/usecase/admin_usecase.go:111.92,113.16 2 2
github.com/numaestra/numaestra/internal/usecase/admin_usecase.go:113.16,115.3 1 1
github.com/numaestra/numaestra/internal/usecase/admin_usecase.go:116.2,116.19 1 1
github.com/numaestra/numaestra/internal/usecase/admin_usecase.go:122.83,124.16 2 3
github.com/numaestra/numaestra/internal/usecase/admin_usecase.go:124.16,126.3 1 0
github.com/numaestra/numaestra/internal/usecase/admin_usecase.go:128.2,128.55 1 3
github.com/numaestra/numaestra/internal/usecase/admin_usecase.go:128.55,130.3 1 1
github.com/numaestra/numaestra/internal/usecase/admin_usecase.go:132.2,133.69 2 2
github.com/numaestra/numaestra/internal/usecase/admin_usecase.go:133.69,135.3 1 1
github.com/numaestra/numaestra/internal/usecase/admin_usecase.go:137.2,137.45 1 1
github.com/numaestra/numaestra/internal/usecase/admin_usecase.go:137.45,139.3 1 0
github.com/numaestra/numaestra/internal/usecase/admin_usecase.go:141.2,141.56 1 1
github.com/numaestra/numaestra/internal/usecase/admin_usecase.go:141.56,143.3 1 0
github.com/numaestra/numaestra/internal/usecase/admin_usecase.go:145.2,146.12 2 1
github.com/numaestra/numaestra/internal/usecase/order_usecase.go:65.17,79.2 1 24
github.com/numaestra/numaestra/internal/usecase/order_usecase.go:84.122,85.55 1 6
github.com/numaestra/numaestra/internal/usecase/order_usecase.go:85.55,86.57 1 6
github.com/numaestra/numaestra/internal/usecase/order_usecase.go:86.57,88.4 1 0
github.com/numaestra/numaestra/internal/usecase/order_usecase.go:89.3,89.57 1 6
github.com/numaestra/numaestra/internal/usecase/order_usecase.go:89.57,91.4 1 0
github.com/numaestra/numaestra/internal/usecase/order_usecase.go:92.3,92.13 1 6
github.com/numaestra/numaestra/internal/usecase/order_usecase.go:103.154,106.17 1 23
github.com/numaestra/numaestra/internal/usecase/order_usecase.go:106.17,107.53 1 21
github.com/numaestra/numaestra/internal/usecase/order_usecase.go:107.53,109.4 1 1
github.com/numaestra/numaestra/internal/usecase/order_usecase.go:114.2,115.16 2 22
github.com/numaestra/numaestra/internal/usecase/order_usecase.go:115.16,117.3 1 1
github.com/numaestra/numaestra/internal/usecase/order_usecase.go:121.2,122.16 2 21
github.com/numaestra/numaestra/internal/usecase/order_usecase.go:122.16,124.3 1 0
github.com/numaestra/numaestra/internal/usecase/order_usecase.go:129.2,130.42 2 21
github.com/numaestra/numaestra/internal/usecase/order_usecase.go:130.42,132.17 2 0
github.com/numaestra/numaestra/internal/usecase/order_usecase.go:132.17,138.4 3 0
github.com/numaestra/numaestra/internal/usecase/order_usecase.go:141.2,142.16 2 21
github.com/numaestra/numaestra/internal/usecase/order_usecase.go:142.16,144.3 1 1
github.com/numaestra/numaestra/internal/usecase/order_usecase.go:146.2,146.56 1 20
github.com/numaestra/numaestra/internal/usecase/order_usecase.go:146.56,148.3 1 1
github.com/numaestra/numaestra/internal/usecase/order_usecase.go:150.2,152.19 3 19
github.com/numaestra/numaestra/internal/usecase/order_usecase.go:155.109,157.16 2 15
github.com/numaestra/numaestra/internal/usecase/order_usecase.go:157.16,159.3 1 1
github.com/numaestra/numaestra/internal/usecase/order_usecase.go:164.2,164.55 1 14
github.com/numaestra/numaestra/internal/usecase/order_usecase.go:164.55,168.3 2 1
github.com/numaestra/numaestra/internal/usecase/order_usecase.go:172.2,172.42 1 13
github.com/numaestra/numaestra/internal/usecase/order_usecase.go:172.42,177.3 2 1
github.com/numaestra/numaestra/internal/usecase/order_usecase.go:179.2,179.41 1 12
github.com/numaestra/numaestra/internal/usecase/order_usecase.go:179.41,181.3 1 0
github.com/numaestra/numaestra/internal/usecase/order_usecase.go:183.2,183.40 1 12
github.com/numaestra/numaestra/internal/usecase/order_usecase.go:183.40,185.3 1 0
github.com/numaestra/numaestra/internal/usecase/order_usecase.go:191.2,192.16 2 12
github.com/numaestra/numaestra/internal/usecase/order_usecase.go:192.16,194.3 1 0
github.com/numaestra/numaestra/internal/usecase/order_usecase.go:195.2,195.14 1 12
github.com/numaestra/numaestra/internal/usecase/order_usecase.go:195.14,199.3 2 0
github.com/numaestra/numaestra/internal/usecase/order_usecase.go:201.2,201.72 1 12
github.com/numaestra/numaestra/internal/usecase/order_usecase.go:201.72,204.3 2 0
github.com/numaestra/numaestra/internal/usecase/order_usecase.go:206.2,208.12 3 12
github.com/numaestra/numaestra/internal/usecase/order_usecase.go:215.93,217.16 2 5
github.com/numaestra/numaestra/internal/usecase/order_usecase.go:217.16,219.3 1 0
github.com/numaestra/numaestra/internal/usecase/order_usecase.go:221.2,221.63 1 5
github.com/numaestra/numaestra/internal/usecase/order_usecase.go:221.63,224.3 2 1
github.com/numaestra/numaestra/internal/usecase/order_usecase.go:227.2,228.16 2 4
github.com/numaestra/numaestra/internal/usecase/order_usecase.go:228.16,229.51 1 1
github.com/numaestra/numaestra/internal/usecase/order_usecase.go:229.51,232.4 2 1
github.com/numaestra/numaestra/internal/usecase/order_usecase.go:233.3,233.77 1 0
github.com/numaestra/numaestra/internal/usecase/order_usecase.go:237.2,237.60 1 3
github.com/numaestra/numaestra/internal/usecase/order_usecase.go:237.60,239.3 1 0
github.com/numaestra/numaestra/internal/usecase/order_usecase.go:240.2,247.30 3 3
github.com/numaestra/numaestra/internal/usecase/order_usecase.go:247.30,250.3 2 0
github.com/numaestra/numaestra/internal/usecase/order_usecase.go:250.8,259.17 4 3
github.com/numaestra/numaestra/internal/usecase/order_usecase.go:259.17,268.78 6 1
github.com/numaestra/numaestra/internal/usecase/order_usecase.go:268.78,270.5 1 0
github.com/numaestra/numaestra/internal/usecase/order_usecase.go:271.4,271.90 1 1
github.com/numaestra/numaestra/internal/usecase/order_usecase.go:273.3,273.68 1 2
github.com/numaestra/numaestra/internal/usecase/order_usecase.go:277.2,284.16 3 2
github.com/numaestra/numaestra/internal/usecase/order_usecase.go:284.16,294.77 7 1
github.com/numaestra/numaestra/internal/usecase/order_usecase.go:294.77,297.4 1 0
github.com/numaestra/numaestra/internal/usecase/order_usecase.go:298.3,298.62 1 1
github.com/numaestra/numaestra/internal/usecase/order_usecase.go:306.2,306.68 1 1
github.com/numaestra/numaestra/internal/usecase/order_usecase.go:306.68,310.3 1 0
github.com/numaestra/numaestra/internal/usecase/order_usecase.go:312.2,312.84 1 1
github.com/numaestra/numaestra/internal/usecase/order_usecase.go:312.84,314.3 1 0
github.com/numaestra/numaestra/internal/usecase/order_usecase.go:316.2,317.12 2 1
github.com/numaestra/numaestra/internal/usecase/order_usecase.go:320.115,322.16 2 4
github.com/numaestra/numaestra/internal/usecase/order_usecase.go:322.16,324.3 1 0
github.com/numaestra/numaestra/internal/usecase/order_usecase.go:326.2,326.67 1 4
github.com/numaestra/numaestra/internal/usecase/order_usecase.go:326.67,328.3 1 0
github.com/numaestra/numaestra/internal/usecase/order_usecase.go:330.2,331.16 2 4
github.com/numaestra/numaestra/internal/usecase/order_usecase.go:331.16,333.3 1 0
github.com/numaestra/numaestra/internal/usecase/order_usecase.go:335.2,335.114 1 4
github.com/numaestra/numaestra/internal/usecase/order_usecase.go:335.114,337.3 1 1
github.com/numaestra/numaestra/internal/usecase/order_usecase.go:339.2,340.16 2 3
github.com/numaestra/numaestra/internal/usecase/order_usecase.go:340.16,342.3 1 0
github.com/numaestra/numaestra/internal/usecase/order_usecase.go:344.2,344.23 1 3
github.com/numaestra/numaestra/internal/usecase/order_usecase.go:345.42,348.34 3 1
github.com/numaestra/numaestra/internal/usecase/order_usecase.go:349.45,351.36 2 2
github.com/numaestra/numaestra/internal/usecase/order_usecase.go:351.36,360.24 3 3
github.com/numaestra/numaestra/internal/usecase/order_usecase.go:360.24,364.5 2 1
github.com/numaestra/numaestra/internal/usecase/order_usecase.go:365.4,371.6 1 2
github.com/numaestra/numaestra/internal/usecase/order_usecase.go:374.3,374.54 1 1
github.com/numaestra/numaestra/internal/usecase/order_usecase.go:374.54,376.4 1 0
github.com/numaestra/numaestra/internal/usecase/order_usecase.go:378.3,382.34 5 1
github.com/numaestra/numaestra/internal/usecase/order_usecase.go:388.2,388.68 1 2
github.com/numaestra/numaestra/internal/usecase/order_usecase.go:388.68,390.3 1 0
github.com/numaestra/numaestra/internal/usecase/order_usecase.go:394.2,394.60 1 2
github.com/numaestra/numaestra/internal/usecase/order_usecase.go:394.60,396.36 2 1
github.com/numaestra/numaestra/internal/usecase/order_usecase.go:396.36,398.4 1 2
github.com/numaestra/numaestra/internal/usecase/order_usecase.go:399.3,405.24 1 1
github.com/numaestra/numaestra/internal/usecase/order_usecase.go:405.24,407.4 1 0
github.com/numaestra/numaestra/internal/usecase/order_usecase.go:410.2,411.12 2 2
github.com/numaestra/numaestra/internal/usecase/order_usecase.go:418.101,420.16 2 2
github.com/numaestra/numaestra/internal/usecase/order_usecase.go:420.16,422.3 1 0
github.com/numaestra/numaestra/internal/usecase/order_usecase.go:424.2,424.34 1 2
github.com/numaestra/numaestra/internal/usecase/order_usecase.go:425.71,427.13 1 1
github.com/numaestra/numaestra/internal/usecase/order_usecase.go:430.2,430.43 1 1
github.com/numaestra/numaestra/internal/usecase/order_usecase.go:430.43,432.3 1 0
github.com/numaestra/numaestra/internal/usecase/order_usecase.go:433.2,437.62 2 1
github.com/numaestra/numaestra/internal/usecase/order_usecase.go:437.62,439.17 2 1
github.com/numaestra/numaestra/internal/usecase/order_usecase.go:439.17,443.64 2 0
github.com/numaestra/numaestra/internal/usecase/order_usecase.go:443.64,445.5 1 0
github.com/numaestra/numaestra/internal/usecase/order_usecase.go:446.4,446.14 1 0
github.com/numaestra/numaestra/internal/usecase/order_usecase.go:448.3,450.69 3 1
github.com/numaestra/numaestra/internal/usecase/order_usecase.go:450.69,452.4 1 0
github.com/numaestra/numaestra/internal/usecase/order_usecase.go:453.3,455.13 2 1
github.com/numaestra/numaestra/internal/usecase/order_usecase.go:458.2,458.56 1 0
github.com/numaestra/numaestra/internal/usecase/order_usecase.go:458.56,460.3 1 0
github.com/numaestra/numaestra/internal/usecase/order_usecase.go:461.2,462.12 2 0
github.com/numaestra/numaestra/internal/usecase/order_usecase.go:465.92,467.16 2 0
github.com/numaestra/numaestra/internal/usecase/order_usecase.go:467.16,469.3 1 0
github.com/numaestra/numaestra/internal/usecase/order_usecase.go:470.2,470.19 1 0
github.com/numaestra/numaestra/internal/usecase/order_usecase.go:473.122,474.17 1 1
github.com/numaestra/numaestra/internal/usecase/order_usecase.go:474.17,476.3 1 1
github.com/numaestra/numaestra/internal/usecase/order_usecase.go:477.2,478.16 2 0
github.com/numaestra/numaestra/internal/usecase/order_usecase.go:478.16,480.3 1 0
github.com/numaestra/numaestra/internal/usecase/order_usecase.go:481.2,481.20 1 0
github.com/numaestra/numaestra/internal/usecase/order_usecase.go:484.122,485.17 1 0
github.com/numaestra/numaestra/internal/usecase/order_usecase.go:485.17,487.3 1 0
github.com/numaestra/numaestra/internal/usecase/order_usecase.go:488.2,489.16 2 0
github.com/numaestra/numaestra/internal/usecase/order_usecase.go:489.16,491.3 1 0
github.com/numaestra/numaestra/internal/usecase/order_usecase.go:492.2,492.20 1 0
github.com/numaestra/numaestra/internal/usecase/order_usecase.go:495.99,496.17 1 2
github.com/numaestra/numaestra/internal/usecase/order_usecase.go:496.17,498.3 1 1
github.com/numaestra/numaestra/internal/usecase/order_usecase.go:499.2,500.16 2 1
github.com/numaestra/numaestra/internal/usecase/order_usecase.go:500.16,502.3 1 0
github.com/numaestra/numaestra/internal/usecase/order_usecase.go:503.2,503.19 1 1
github.com/numaestra/numaestra/internal/usecase/pricing.go:28.82,30.2 1 27
github.com/numaestra/numaestra/internal/usecase/pricing.go:32.62,33.16 1 27
github.com/numaestra/numaestra/internal/usecase/pricing.go:33.16,35.3 1 2
github.com/numaestra/numaestra/internal/usecase/pricing.go:36.2,37.9 2 27
github.com/numaestra/numaestra/internal/usecase/pricing.go:37.9,39.3 1 2
github.com/numaestra/numaestra/internal/usecase/pricing.go:40.2,40.18 1 25
github.com/numaestra/numaestra/internal/usecase/pricing.go:40.18,42.3 1 1
github.com/numaestra/numaestra/internal/usecase/pricing.go:43.2,43.21 1 24
github.com/numaestra/numaestra/internal/usecase/prompt_usecase.go:35.78,37.2 1 9
github.com/numaestra/numaestra/internal/usecase/prompt_usecase.go:41.44,43.2 1 0
github.com/numaestra/numaestra/internal/usecase/prompt_usecase.go:47.92,49.75 2 6
github.com/numaestra/numaestra/internal/usecase/prompt_usecase.go:49.75,53.3 3 1
github.com/numaestra/numaestra/internal/usecase/prompt_usecase.go:54.2,58.16 3 5
github.com/numaestra/numaestra/internal/usecase/prompt_usecase.go:58.16,60.3 1 1
github.com/numaestra/numaestra/internal/usecase/prompt_usecase.go:62.2,67.24 5 4
github.com/numaestra/numaestra/internal/usecase/prompt_usecase.go:71.102,73.2 1 2
github.com/numaestra/numaestra/internal/usecase/prompt_usecase.go:78.130,80.16 2 3
github.com/numaestra/numaestra/internal/usecase/prompt_usecase.go:80.16,82.3 1 1
github.com/numaestra/numaestra/internal/usecase/prompt_usecase.go:84.2,85.38 2 2
github.com/numaestra/numaestra/internal/usecase/prompt_usecase.go:85.38,88.3 2 4
github.com/numaestra/numaestra/internal/usecase/prompt_usecase.go:90.2,90.25 1 2
github.com/numaestra/numaestra/internal/delivery/http/admin_handler.go:23.80,25.2 1 12
github.com/numaestra/numaestra/internal/delivery/http/admin_handler.go:27.44,30.42 2 12
github.com/numaestra/numaestra/internal/delivery/http/admin_handler.go:30.42,34.3 3 12
github.com/numaestra/numaestra/internal/delivery/http/admin_handler.go:36.2,36.40 1 12
github.com/numaestra/numaestra/internal/delivery/http/admin_handler.go:36.40,40.3 3 12
github.com/numaestra/numaestra/internal/delivery/http/admin_handler.go:42.2,42.10 1 12
github.com/numaestra/numaestra/internal/delivery/http/admin_handler.go:63.65,73.2 1 1
github.com/numaestra/numaestra/internal/delivery/http/admin_handler.go:97.63,100.32 3 3
github.com/numaestra/numaestra/internal/delivery/http/admin_handler.go:100.32,102.3 1 0
github.com/numaestra/numaestra/internal/delivery/http/admin_handler.go:103.2,114.3 1 3
github.com/numaestra/numaestra/internal/delivery/http/admin_handler.go:119.77,121.16 2 2
github.com/numaestra/numaestra/internal/delivery/http/admin_handler.go:121.16,125.3 3 0
github.com/numaestra/numaestra/internal/delivery/http/admin_handler.go:127.2,128.31 2 2
github.com/numaestra/numaestra/internal/delivery/http/admin_handler.go:128.31,130.3 1 0
github.com/numaestra/numaestra/internal/delivery/http/admin_handler.go:131.2,131.37 1 2
github.com/numaestra/numaestra/internal/delivery/http/admin_handler.go:134.75,136.61 2 2
github.com/numaestra/numaestra/internal/delivery/http/admin_handler.go:136.61,139.3 2 0
github.com/numaestra/numaestra/internal/delivery/http/admin_handler.go:140.2,140.51 1 2
github.com/numaestra/numaestra/internal/delivery/http/admin_handler.go:140.51,143.3 2 1
github.com/numaestra/numaestra/internal/delivery/http/admin_handler.go:145.2,146.16 2 1
github.com/numaestra/numaestra/internal/delivery/http/admin_handler.go:146.16,150.3 3 0
github.com/numaestra/numaestra/internal/delivery/http/admin_handler.go:151.2,151.60 1 1
github.com/numaestra/numaestra/internal/delivery/http/admin_handler.go:154.81,157.16 3 2
github.com/numaestra/numaestra/internal/delivery/http/admin_handler.go:157.16,160.3 2 1
github.com/numaestra/numaestra/internal/delivery/http/admin_handler.go:162.2,163.61 2 1
github.com/numaestra/numaestra/internal/delivery/http/admin_handler.go:163.61,166.3 2 0
github.com/numaestra/numaestra/internal/delivery/http/admin_handler.go:168.2,168.97 1 1
github.com/numaestra/numaestra/internal/delivery/http/admin_handler.go:168.97,169.48 1 1
github.com/numaestra/numaestra/internal/delivery/http/admin_handler.go:169.48,172.4 2 1
github.com/numaestra/numaestra/internal/delivery/http/admin_handler.go:173.3,175.9 3 0
github.com/numaestra/numaestra/internal/delivery/http/admin_handler.go:177.2,177.37 1 0
github.com/numaestra/numaestra/internal/delivery/http/admin_handler.go:180.75,185.16 4 1
github.com/numaestra/numaestra/internal/delivery/http/admin_handler.go:185.16,189.3 3 0
github.com/numaestra/numaestra/internal/delivery/http/admin_handler.go:191.2,192.27 2 1
github.com/numaestra/numaestra/internal/delivery/http/admin_handler.go:192.27,194.3 1 2
github.com/numaestra/numaestra/internal/delivery/http/admin_handler.go:195.2,198.4 1 1
github.com/numaestra/numaestra/internal/delivery/http/admin_handler.go:201.73,204.16 3 2
github.com/numaestra/numaestra/internal/delivery/http/admin_handler.go:204.16,207.3 2 0
github.com/numaestra/numaestra/internal/delivery/http/admin_handler.go:209.2,210.16 2 2
github.com/numaestra/numaestra/internal/delivery/http/admin_handler.go:210.16,211.46 1 1
github.com/numaestra/numaestra/internal/delivery/http/admin_handler.go:211.46,214.4 2 1
github.com/numaestra/numaestra/internal/delivery/http/admin_handler.go:215.3,217.9 3 0
github.com/numaestra/numaestra/internal/delivery/http/admin_handler.go:219.2,219.60 1 1
github.com/numaestra/numaestra/internal/delivery/http/admin_handler.go:224.76,227.16 3 2
github.com/numaestra/numaestra/internal/delivery/http/admin_handler.go:227.16,230.3 2 0
github.com/numaestra/numaestra/internal/delivery/http/admin_handler.go:232.2,232.58 1 2
github.com/numaestra/numaestra/internal/delivery/http/admin_handler.go:232.58,233.46 1 1
github.com/numaestra/numaestra/internal/delivery/http/admin_handler.go:233.46,236.4 2 0
github.com/numaestra/numaestra/internal/delivery/http/admin_handler.go:237.3,239.9 3 1
github.com/numaestra/numaestra/internal/delivery/http/admin_handler.go:241.2,241.37 1 1
github.com/numaestra/numaestra/internal/delivery/http/admin_middleware.go:13.62,14.46 1 2
github.com/numaestra/numaestra/internal/delivery/http/admin_middleware.go:14.46,15.72 1 6
github.com/numaestra/numaestra/internal/delivery/http/admin_middleware.go:15.72,17.82 2 4
github.com/numaestra/numaestra/internal/delivery/http/admin_middleware.go:17.82,20.5 2 3
github.com/numaestra/numaestra/internal/delivery/http/admin_middleware.go:21.4,21.24 1 1
github.com/numaestra/numaestra/internal/delivery/http/category_handler.go:16.92,21.2 1 0
github.com/numaestra/numaestra/internal/delivery/http/category_handler.go:24.47,34.2 5 0
github.com/numaestra/numaestra/internal/delivery/http/category_handler.go:36.80,38.16 2 0
github.com/numaestra/numaestra/internal/delivery/http/category_handler.go:38.16,42.3 3 0
github.com/numaestra/numaestra/internal/delivery/http/category_handler.go:45.2,46.43 2 0
github.com/numaestra/numaestra/internal/delivery/http/category_handler.go:49.83,52.16 3 0
github.com/numaestra/numaestra/internal/delivery/http/category_handler.go:52.16,56.3 3 0
github.com/numaestra/numaestra/internal/delivery/http/category_handler.go:58.2,58.41 1 0
github.com/numaestra/numaestra/internal/delivery/http/idempotency.go:19.86,20.46 1 6
github.com/numaestra/numaestra/internal/delivery/http/idempotency.go:20.46,21.72 1 6
github.com/numaestra/numaestra/internal/delivery/http/idempotency.go:21.72,23.17 2 8
github.com/numaestra/numaestra/internal/delivery/http/idempotency.go:23.17,26.5 2 1
github.com/numaestra/numaestra/internal/delivery/http/idempotency.go:28.4,31.18 3 7
github.com/numaestra/numaestra/internal/delivery/http/idempotency.go:31.18,32.29 1 3
github.com/numaestra/numaestra/internal/delivery/http/idempotency.go:32.29,39.6 5 2
github.com/numaestra/numaestra/internal/delivery/http/idempotency.go:41.5,42.11 2 1
github.com/numaestra/numaestra/internal/delivery/http/idempotency.go:45.4,45.38 1 4
github.com/numaestra/numaestra/internal/delivery/http/idempotency.go:45.38,49.5 2 1
github.com/numaestra/numaestra/internal/delivery/http/idempotency.go:52.4,52.52 1 3
github.com/numaestra/numaestra/internal/delivery/http/idempotency.go:52.52,53.40 1 0
github.com/numaestra/numaestra/internal/delivery/http/idempotency.go:53.40,56.6 2 0
github.com/numaestra/numaestra/internal/delivery/http/idempotency.go:58.5,59.11 2 0
github.com/numaestra/numaestra/internal/delivery/http/idempotency.go:63.4,67.23 3 3
github.com/numaestra/numaestra/internal/delivery/http/idempotency.go:67.23,69.5 1 0
github.com/numaestra/numaestra/internal/delivery/http/idempotency.go:71.4,71.45 1 3
github.com/numaestra/numaestra/internal/delivery/http/idempotency.go:71.45,76.5 1 2
github.com/numaestra/numaestra/internal/delivery/http/idempotency.go:76.10,78.5 1 1
github.com/numaestra/numaestra/internal/delivery/http/idempotency.go:90.51,93.2 2 3
github.com/numaestra/numaestra/internal/delivery/http/idempotency.go:95.58,98.2 2 3
github.com/numaestra/numaestra/internal/delivery/http/middleware.go:18.57,20.28 2 2
github.com/numaestra/numaestra/internal/delivery/http/middleware.go:20.28,22.14 2 3
github.com/numaestra/numaestra/internal/delivery/http/middleware.go:22.14,23.12 1 0
github.com/numaestra/numaestra/internal/delivery/http/middleware.go:25.3,25.31 1 3
github.com/numaestra/numaestra/internal/delivery/http/middleware.go:25.31,27.18 2 1
github.com/numaestra/numaestra/internal/delivery/http/middleware.go:27.18,29.5 1 0
github.com/numaestra/numaestra/internal/delivery/http/middleware.go:30.4,31.12 2 1
github.com/numaestra/numaestra/internal/delivery/http/middleware.go:33.3,34.16 2 2
github.com/numaestra/numaestra/internal/delivery/http/middleware.go:34.16,36.4 1 1
github.com/numaestra/numaestra/internal/delivery/http/middleware.go:37.3,38.22 2 1
github.com/numaestra/numaestra/internal/delivery/http/middleware.go:38.22,40.4 1 0
github.com/numaestra/numaestra/internal/delivery/http/middleware.go:41.3,41.74 1 1
github.com/numaestra/numaestra/internal/delivery/http/middleware.go:43.2,43.18 1 1
github.com/numaestra/numaestra/internal/delivery/http/middleware.go:51.72,52.46 1 16
github.com/numaestra/numaestra/internal/delivery/http/middleware.go:52.46,53.24 1 16
github.com/numaestra/numaestra/internal/delivery/http/middleware.go:53.24,55.4 1 15
github.com/numaestra/numaestra/internal/delivery/http/middleware.go:56.3,56.72 1 1
github.com/numaestra/numaestra/internal/delivery/http/middleware.go:56.72,58.17 2 3
github.com/numaestra/numaestra/internal/delivery/http/middleware.go:58.17,59.31 1 3
github.com/numaestra/numaestra/internal/delivery/http/middleware.go:59.31,60.24 1 5
github.com/numaestra/numaestra/internal/delivery/http/middleware.go:60.24,63.7 2 2
github.com/numaestra/numaestra/internal/delivery/http/middleware.go:66.4,66.72 1 1
github.com/numaestra/numaestra/internal/delivery/http/middleware.go:81.55,82.23 1 3
github.com/numaestra/numaestra/internal/delivery/http/middleware.go:82.23,84.3 1 1
github.com/numaestra/numaestra/internal/delivery/http/middleware.go:85.2,90.3 1 3
github.com/numaestra/numaestra/internal/delivery/http/middleware.go:94.61,100.40 5 3
github.com/numaestra/numaestra/internal/delivery/http/middleware.go:100.40,101.15 1 3
github.com/numaestra/numaestra/internal/delivery/http/middleware.go:101.15,103.9 2 1
github.com/numaestra/numaestra/internal/delivery/http/middleware.go:107.2,107.46 1 3
github.com/numaestra/numaestra/internal/delivery/http/middleware.go:107.46,108.72 1 3
github.com/numaestra/numaestra/internal/delivery/http/middleware.go:108.72,110.80 2 4
github.com/numaestra/numaestra/internal/delivery/http/middleware.go:110.80,111.17 1 3
github.com/numaestra/numaestra/internal/delivery/http/middleware.go:111.17,113.6 1 1
github.com/numaestra/numaestra/internal/delivery/http/middleware.go:113.11,117.6 2 2
github.com/numaestra/numaestra/internal/delivery/http/middleware.go:118.5,120.19 3 3
github.com/numaestra/numaestra/internal/delivery/http/middleware.go:120.19,122.6 1 3
github.com/numaestra/numaestra/internal/delivery/http/middleware.go:126.4,126.38 1 4
github.com/numaestra/numaestra/internal/delivery/http/middleware.go:126.38,129.5 2 1
github.com/numaestra/numaestra/internal/delivery/http/middleware.go:131.4,131.24 1 3
github.com/numaestra/numaestra/internal/delivery/http/middleware.go:136.58,137.28 1 3
github.com/numaestra/numaestra/internal/delivery/http/middleware.go:137.28,138.35 1 3
github.com/numaestra/numaestra/internal/delivery/http/middleware.go:138.35,140.4 1 2
github.com/numaestra/numaestra/internal/delivery/http/middleware.go:142.2,142.14 1 1
github.com/numaestra/numaestra/internal/delivery/http/middleware.go:145.25,146.12 1 3
github.com/numaestra/numaestra/internal/delivery/http/middleware.go:146.12,148.3 1 0
github.com/numaestra/numaestra/internal/delivery/http/middleware.go:149.2,150.9 2 3
github.com/numaestra/numaestra/internal/delivery/http/middleware.go:150.9,152.3 1 0
github.com/numaestra/numaestra/internal/delivery/http/middleware.go:153.2,155.12 3 3
github.com/numaestra/numaestra/internal/delivery/http/middleware.go:155.12,159.3 3 9
github.com/numaestra/numaestra/internal/delivery/http/middleware.go:160.2,160.9 1 3
github.com/numaestra/numaestra/internal/delivery/http/middleware.go:160.9,163.3 2 0
github.com/numaestra/numaestra/internal/delivery/http/middleware.go:164.2,164.24 1 3
github.com/numaestra/numaestra/internal/delivery/http/middleware.go:172.60,173.46 1 2
github.com/numaestra/numaestra/internal/delivery/http/middleware.go:173.46,174.72 1 2
github.com/numaestra/numaestra/internal/delivery/http/middleware.go:174.72,175.30 1 2
github.com/numaestra/numaestra/internal/delivery/http/middleware.go:175.30,177.5 1 2
github.com/numaestra/numaestra/internal/delivery/http/middleware.go:178.4,178.24 1 2
github.com/numaestra/numaestra/internal/delivery/http/middleware.go:202.74,211.46 2 30
github.com/numaestra/numaestra/internal/delivery/http/middleware.go:211.46,212.72 1 58
github.com/numaestra/numaestra/internal/delivery/http/middleware.go:212.72,213.30 1 21
github.com/numaestra/numaestra/internal/delivery/http/middleware.go:213.30,217.5 3 1
github.com/numaestra/numaestra/internal/delivery/http/middleware.go:218.4,218.24 1 20
github.com/numaestra/numaestra/internal/delivery/http/middleware.go:223.48,228.35 4 21
github.com/numaestra/numaestra/internal/delivery/http/middleware.go:228.35,229.32 1 0
github.com/numaestra/numaestra/internal/delivery/http/middleware.go:229.32,230.36 1 0
github.com/numaestra/numaestra/internal/delivery/http/middleware.go:230.36,232.5 1 0
github.com/numaestra/numaestra/internal/delivery/http/middleware.go:234.3,234.20 1 0
github.com/numaestra/numaestra/internal/delivery/http/middleware.go:237.2,238.9 2 21
github.com/numaestra/numaestra/internal/delivery/http/middleware.go:238.9,241.3 2 17
github.com/numaestra/numaestra/internal/delivery/http/middleware.go:242.2,243.27 2 21
github.com/numaestra/numaestra/internal/delivery/http/middleware.go:248.39,249.65 1 24
github.com/numaestra/numaestra/internal/delivery/http/middleware.go:249.65,251.3 1 24
github.com/numaestra/numaestra/internal/delivery/http/middleware.go:252.2,252.21 1 0
github.com/numaestra/numaestra/internal/delivery/http/order_handler.go:32.135,39.2 1 14
github.com/numaestra/numaestra/internal/delivery/http/order_handler.go:43.80,46.2 2 0
github.com/numaestra/numaestra/internal/delivery/http/order_handler.go:53.44,59.29 4 14
github.com/numaestra/numaestra/internal/delivery/http/order_handler.go:59.29,61.27 2 14
github.com/numaestra/numaestra/internal/delivery/http/order_handler.go:61.27,63.4 1 0
github.com/numaestra/numaestra/internal/delivery/http/order_handler.go:64.3,64.29 1 14
github.com/numaestra/numaestra/internal/delivery/http/order_handler.go:67.2,67.29 1 14
github.com/numaestra/numaestra/internal/delivery/http/order_handler.go:67.29,71.3 3 14
github.com/numaestra/numaestra/internal/delivery/http/order_handler.go:73.2,73.29 1 14
github.com/numaestra/numaestra/internal/delivery/http/order_handler.go:73.29,78.3 4 14
github.com/numaestra/numaestra/internal/delivery/http/order_handler.go:80.2,80.10 1 14
github.com/numaestra/numaestra/internal/delivery/http/order_handler.go:84.75,85.71 1 28
github.com/numaestra/numaestra/internal/delivery/http/order_handler.go:85.71,87.18 2 4
github.com/numaestra/numaestra/internal/delivery/http/order_handler.go:87.18,90.4 2 1
github.com/numaestra/numaestra/internal/delivery/http/order_handler.go:92.3,93.17 2 3
github.com/numaestra/numaestra/internal/delivery/http/order_handler.go:93.17,96.4 2 0
github.com/numaestra/numaestra/internal/delivery/http/order_handler.go:98.3,99.40 2 3
github.com/numaestra/numaestra/internal/delivery/http/order_handler.go:126.76,128.61 2 9
github.com/numaestra/numaestra/internal/delivery/http/order_handler.go:128.61,131.3 2 2
github.com/numaestra/numaestra/internal/delivery/http/order_handler.go:133.2,133.40 1 7
github.com/numaestra/numaestra/internal/delivery/http/order_handler.go:133.40,136.3 2 1
github.com/numaestra/numaestra/internal/delivery/http/order_handler.go:137.2,137.21 1 6
github.com/numaestra/numaestra/internal/delivery/http/order_handler.go:137.21,140.3 2 2
github.com/numaestra/numaestra/internal/delivery/http/order_handler.go:141.2,141.63 1 4
github.com/numaestra/numaestra/internal/delivery/http/order_handler.go:141.63,144.3 2 1
github.com/numaestra/numaestra/internal/delivery/http/order_handler.go:146.2,147.16 2 3
github.com/numaestra/numaestra/internal/delivery/http/order_handler.go:147.16,148.45 1 1
github.com/numaestra/numaestra/internal/delivery/http/order_handler.go:148.45,151.4 2 1
github.com/numaestra/numaestra/internal/delivery/http/order_handler.go:152.3,152.45 1 0
github.com/numaestra/numaestra/internal/delivery/http/order_handler.go:152.45,155.4 2 0
github.com/numaestra/numaestra/internal/delivery/http/order_handler.go:156.3,158.9 3 0
github.com/numaestra/numaestra/internal/delivery/http/order_handler.go:161.2,173.4 4 2
github.com/numaestra/numaestra/internal/delivery/http/order_handler.go:176.87,177.38 1 3
github.com/numaestra/numaestra/internal/delivery/http/order_handler.go:177.38,180.3 2 0
github.com/numaestra/numaestra/internal/delivery/http/order_handler.go:182.2,186.55 4 3
github.com/numaestra/numaestra/internal/delivery/http/order_handler.go:186.55,189.3 2 0
github.com/numaestra/numaestra/internal/delivery/http/order_handler.go:191.2,191.54 1 3
github.com/numaestra/numaestra/internal/delivery/http/order_handler.go:191.54,195.3 3 1
github.com/numaestra/numaestra/internal/delivery/http/order_handler.go:197.2,198.16 2 2
github.com/numaestra/numaestra/internal/delivery/http/order_handler.go:198.16,201.3 2 0
github.com/numaestra/numaestra/internal/delivery/http/order_handler.go:203.2,204.16 2 2
github.com/numaestra/numaestra/internal/delivery/http/order_handler.go:204.16,208.3 3 0
github.com/numaestra/numaestra/internal/delivery/http/order_handler.go:210.2,210.87 1 2
github.com/numaestra/numaestra/internal/delivery/http/order_handler.go:210.87,211.55 1 1
github.com/numaestra/numaestra/internal/delivery/http/order_handler.go:211.55,215.4 3 1
github.com/numaestra/numaestra/internal/delivery/http/order_handler.go:216.3,218.9 3 0
github.com/numaestra/numaestra/internal/delivery/http/order_handler.go:222.2,223.34 2 1
github.com/numaestra/numaestra/internal/delivery/http/order_handler.go:240.73,245.16 4 2
github.com/numaestra/numaestra/internal/delivery/http/order_handler.go:245.16,248.3 2 0
github.com/numaestra/numaestra/internal/delivery/http/order_handler.go:249.2,249.27 1 2
github.com/numaestra/numaestra/internal/delivery/http/order_handler.go:249.27,252.3 2 1
github.com/numaestra/numaestra/internal/delivery/http/order_handler.go:254.2,255.35 2 1
github.com/numaestra/numaestra/internal/delivery/http/order_handler.go:255.35,261.3 1 0
github.com/numaestra/numaestra/internal/delivery/http/order_handler.go:263.2,269.4 1 1
github.com/numaestra/numaestra/internal/delivery/http/order_handler.go:283.75,292.33 4 1
github.com/numaestra/numaestra/internal/delivery/http/order_handler.go:292.33,294.3 1 1
github.com/numaestra/numaestra/internal/delivery/http/order_handler.go:294.8,296.3 1 0
github.com/numaestra/numaestra/internal/delivery/http/order_handler.go:297.2,297.16 1 1
github.com/numaestra/numaestra/internal/delivery/http/order_handler.go:297.16,301.3 3 0
github.com/numaestra/numaestra/internal/delivery/http/order_handler.go:303.2,304.27 2 1
github.com/numaestra/numaestra/internal/delivery/http/order_handler.go:304.27,313.3 1 1
github.com/numaestra/numaestra/internal/delivery/http/order_handler.go:315.2,315.36 1 1
github.com/numaestra/numaestra/internal/delivery/http/order_handler.go:320.59,322.77 2 1
github.com/numaestra/numaestra/internal/delivery/http/order_handler.go:322.77,323.14 1 0
github.com/numaestra/numaestra/internal/delivery/http/order_handler.go:323.14,325.4 1 0
github.com/numaestra/numaestra/internal/delivery/http/order_handler.go:326.3,326.12 1 0
github.com/numaestra/numaestra/internal/delivery/http/order_handler.go:328.2,328.79 1 1
github.com/numaestra/numaestra/internal/delivery/http/order_handler.go:328.79,330.3 1 0
github.com/numaestra/numaestra/internal/delivery/http/order_handler.go:331.2,331.8 1 1
github.com/numaestra/numaestra/internal/delivery/http/respond.go:12.81,16.63 4 17
github.com/numaestra/numaestra/internal/delivery/http/respond.go:16.63,18.3 1 1
github.com/numaestra/numaestra/internal/delivery/http/respond.go:19.2,19.33 1 17
github.com/numaestra/numaestra/internal/delivery/http/respond.go:23.61,27.2 3 9
github.com/numaestra/numaestra/internal/repository/suno/adapter.go:21.65,26.2 1 7
github.com/numaestra/numaestra/internal/repository/suno/adapter.go:30.116,38.38 3 3
github.com/numaestra/numaestra/internal/repository/suno/adapter.go:38.38,42.3 3 3
github.com/numaestra/numaestra/internal/repository/suno/adapter.go:42.17,44.3 1 1
github.com/numaestra/numaestra/internal/repository/suno/adapter.go:46.2,46.21 1 2
github.com/numaestra/numaestra/internal/repository/suno/adapter.go:46.21,48.3 1 1
github.com/numaestra/numaestra/internal/repository/suno/adapter.go:50.2,51.29 2 1
github.com/numaestra/numaestra/internal/repository/suno/adapter.go:51.29,53.3 1 2
github.com/numaestra/numaestra/internal/repository/suno/adapter.go:55.2,56.27 2 1
github.com/numaestra/numaestra/internal/repository/suno/adapter.go:59.120,60.25 1 4
github.com/numaestra/numaestra/internal/repository/suno/adapter.go:60.25,62.3 1 1
github.com/numaestra/numaestra/internal/repository/suno/adapter.go:64.2,66.38 3 3
github.com/numaestra/numaestra/internal/repository/suno/adapter.go:66.38,70.3 3 3
github.com/numaestra/numaestra/internal/repository/suno/adapter.go:70.17,72.3 1 0
github.com/numaestra/numaestra/internal/repository/suno/adapter.go:74.2,83.29 5 3
github.com/numaestra/numaestra/internal/repository/suno/adapter.go:83.29,84.22 1 5
github.com/numaestra/numaestra/internal/repository/suno/adapter.go:85.25,87.33 2 1
github.com/numaestra/numaestra/internal/repository/suno/adapter.go:88.28,93.6 1 3
github.com/numaestra/numaestra/internal/repository/suno/adapter.go:94.11,95.24 1 1
github.com/numaestra/numaestra/internal/repository/suno/adapter.go:99.2,99.15 1 3
github.com/numaestra/numaestra/internal/repository/suno/adapter.go:99.15,102.3 2 1
github.com/numaestra/numaestra/internal/repository/suno/adapter.go:102.8,102.26 1 2
github.com/numaestra/numaestra/internal/repository/suno/adapter.go:102.26,104.3 1 1
github.com/numaestra/numaestra/internal/repository/suno/adapter.go:106.2,106.20 1 3
github.com/numaestra/numaestra/internal/worker/processor.go:36.84,41.2 1 6
github.com/numaestra/numaestra/internal/worker/processor.go:44.87,46.62 2 2
github.com/numaestra/numaestra/internal/worker/processor.go:46.62,48.3 1 1
github.com/numaestra/numaestra/internal/worker/processor.go:50.2,56.16 5 1
github.com/numaestra/numaestra/internal/worker/processor.go:56.16,59.3 2 0
github.com/numaestra/numaestra/internal/worker/processor.go:61.2,61.12 1 1
github.com/numaestra/numaestra/internal/worker/processor.go:67.92,69.9 2 2
github.com/numaestra/numaestra/internal/worker/processor.go:69.9,73.3 2 1
github.com/numaestra/numaestra/internal/worker/processor.go:75.2,79.66 3 1
github.com/numaestra/numaestra/internal/worker/processor.go:79.66,82.3 1 0
github.com/numaestra/numaestra/internal/worker/processor.go:86.55,87.18 1 2
github.com/numaestra/numaestra/internal/worker/processor.go:88.35,90.58 2 1
github.com/numaestra/numaestra/internal/worker/processor.go:90.58,92.4 1 1
github.com/numaestra/numaestra/internal/worker/processor.go:93.3,93.44 1 0
github.com/numaestra/numaestra/internal/worker/processor.go:94.33,96.58 2 1
github.com/numaestra/numaestra/internal/worker/processor.go:96.58,98.4 1 0
github.com/numaestra/numaestra/internal/worker/processor.go:99.3,99.44 1 1
github.com/numaestra/numaestra/internal/worker/processor.go:100.10,101.25 1 0
github.com/numaestra/numaestra/internal/worker/processor.go:106.90,108.62 2 2
github.com/numaestra/numaestra/internal/worker/processor.go:108.62,110.3 1 1
github.com/numaestra/numaestra/internal/worker/processor.go:112.2,118.16 5 1
github.com/numaestra/numaestra/internal/worker/processor.go:118.16,120.52 1 1
github.com/numaestra/numaestra/internal/worker/processor.go:120.52,124.4 2 1
github.com/numaestra/numaestra/internal/worker/processor.go:126.3,127.13 2 0
github.com/numaestra/numaestra/internal/worker/processor.go:130.2,130.12 1 0
github.com/numaestra/numaestra/cmd/server/main.go:56.13,60.37 3 0
github.com/numaestra/numaestra/cmd/server/main.go:60.37,63.3 2 0
github.com/numaestra/numaestra/cmd/server/main.go:66.37,69.16 2 0
github.com/numaestra/numaestra/cmd/server/main.go:69.16,71.3 1 0
github.com/numaestra/numaestra/cmd/server/main.go:73.2,81.16 5 0
github.com/numaestra/numaestra/cmd/server/main.go:81.16,83.3 1 0
github.com/numaestra/numaestra/cmd/server/main.go:84.2,86.41 2 0
github.com/numaestra/numaestra/cmd/server/main.go:86.41,88.3 1 0
github.com/numaestra/numaestra/cmd/server/main.go:89.2,91.69 2 0
github.com/numaestra/numaestra/cmd/server/main.go:91.69,93.3 1 0
github.com/numaestra/numaestra/cmd/server/main.go:94.2,102.15 4 0
github.com/numaestra/numaestra/cmd/server/main.go:102.15,103.47 1 0
github.com/numaestra/numaestra/cmd/server/main.go:103.47,105.4 1 0
github.com/numaestra/numaestra/cmd/server/main.go:109.2,128.31 12 0
github.com/numaestra/numaestra/cmd/server/main.go:128.31,138.3 2 0
github.com/numaestra/numaestra/cmd/server/main.go:138.8,141.3 2 0
github.com/numaestra/numaestra/cmd/server/main.go:144.2,151.43 4 0
github.com/numaestra/numaestra/cmd/server/main.go:151.43,162.71 2 0
github.com/numaestra/numaestra/cmd/server/main.go:162.71,163.53 1 0
github.com/numaestra/numaestra/cmd/server/main.go:163.53,165.7 1 0
github.com/numaestra/numaestra/cmd/server/main.go:166.6,166.49 1 0
github.com/numaestra/numaestra/cmd/server/main.go:168.94,171.28 3 0
github.com/numaestra/numaestra/cmd/server/main.go:171.28,173.7 1 0
github.com/numaestra/numaestra/cmd/server/main.go:174.6,174.43 1 0
github.com/numaestra/numaestra/cmd/server/main.go:179.3,183.13 4 0
github.com/numaestra/numaestra/cmd/server/main.go:183.13,185.47 2 0
github.com/numaestra/numaestra/cmd/server/main.go:185.47,187.5 1 0
github.com/numaestra/numaestra/cmd/server/main.go:189.3,189.27 1 0
github.com/numaestra/numaestra/cmd/server/main.go:193.2,193.24 1 0
github.com/numaestra/numaestra/cmd/server/main.go:193.24,198.3 4 0
github.com/numaestra/numaestra/cmd/server/main.go:201.2,203.16 3 0
github.com/numaestra/numaestra/cmd/server/main.go:203.16,205.3 1 0
github.com/numaestra/numaestra/cmd/server/main.go:207.2,213.26 3 0
github.com/numaestra/numaestra/cmd/server/main.go:213.26,215.3 1 0
github.com/numaestra/numaestra/cmd/server/main.go:217.2,235.12 8 0
github.com/numaestra/numaestra/cmd/server/main.go:235.12,237.94 2 0
github.com/numaestra/numaestra/cmd/server/main.go:237.94,240.4 2 0
github.com/numaestra/numaestra/cmd/server/main.go:241.3,241.20 1 0
github.com/numaestra/numaestra/cmd/server/main.go:244.2,244.9 1 0
github.com/numaestra/numaestra/cmd/server/main.go:245.27,246.17 1 0
github.com/numaestra/numaestra/cmd/server/main.go:246.17,248.4 1 0
github.com/numaestra/numaestra/cmd/server/main.go:249.20,250.99 1 0
github.com/numaestra/numaestra/cmd/server/main.go:253.2,255.57 3 0
github.com/numaestra/numaestra/cmd/server/main.go:255.57,257.3 1 0
github.com/numaestra/numaestra/cmd/server/main.go:259.2,260.12 2 0
github.com/numaestra/numaestra/cmd/server/main.go:270.16,283.16 10 0
github.com/numaestra/numaestra/cmd/server/main.go:283.16,284.64 1 0
github.com/numaestra/numaestra/cmd/server/main.go:286.2,286.29 1 0
github.com/numaestra/numaestra/cmd/server/main.go:286.29,289.3 2 0
github.com/numaestra/numaestra/cmd/server/main.go:291.2,294.29 3 0
github.com/numaestra/numaestra/cmd/server/main.go:294.29,297.3 2 0
github.com/numaestra/numaestra/cmd/server/main.go:299.2,299.10 1 0
github.com/numaestra/numaestra/cmd/server/main.go:302.80,303.46 1 0
github.com/numaestra/numaestra/cmd/server/main.go:303.46,304.72 1 0
github.com/numaestra/numaestra/cmd/server/main.go:304.72,323.4 7 0
github.com/numaestra/numaestra/internal/repository/postgres/account_repository.go:19.66,21.2 1 0
github.com/numaestra/numaestra/internal/repository/postgres/account_repository.go:26.62,27.38 1 0
github.com/numaestra/numaestra/internal/repository/postgres/account_repository.go:27.38,29.3 1 0
github.com/numaestra/numaestra/internal/repository/postgres/account_repository.go:30.2,30.15 1 0
github.com/numaestra/numaestra/internal/repository/postgres/account_repository.go:33.101,35.16 2 0
github.com/numaestra/numaestra/internal/repository/postgres/account_repository.go:35.16,37.3 1 0
github.com/numaestra/numaestra/internal/repository/postgres/account_repository.go:38.2,65.35 5 0
github.com/numaestra/numaestra/internal/repository/postgres/account_repository.go:65.35,67.3 1 0
github.com/numaestra/numaestra/internal/repository/postgres/account_repository.go:68.2,68.16 1 0
github.com/numaestra/numaestra/internal/repository/postgres/account_repository.go:68.16,70.3 1 0
github.com/numaestra/numaestra/internal/repository/postgres/account_repository.go:73.2,74.62 2 0
github.com/numaestra/numaestra/internal/repository/postgres/account_repository.go:74.62,76.3 1 0
github.com/numaestra/numaestra/internal/repository/postgres/account_repository.go:78.2,81.16 4 0
github.com/numaestra/numaestra/internal/repository/postgres/account_repository.go:81.16,83.3 1 0
github.com/numaestra/numaestra/internal/repository/postgres/account_repository.go:85.2,85.39 1 0
github.com/numaestra/numaestra/internal/repository/postgres/account_repository.go:85.39,87.3 1 0
github.com/numaestra/numaestra/internal/repository/postgres/account_repository.go:89.2,89.21 1 0
github.com/numaestra/numaestra/internal/repository/postgres/account_repository.go:92.101,100.35 4 0
github.com/numaestra/numaestra/internal/repository/postgres/account_repository.go:100.35,102.3 1 0
github.com/numaestra/numaestra/internal/repository/postgres/account_repository.go:103.2,103.16 1 0
github.com/numaestra/numaestra/internal/repository/postgres/account_repository.go:103.16,105.3 1 0
github.com/numaestra/numaestra/internal/repository/postgres/account_repository.go:106.2,106.49 1 0
github.com/numaestra/numaestra/internal/repository/postgres/account_repository.go:109.92,120.16 4 0
github.com/numaestra/numaestra/internal/repository/postgres/account_repository.go:120.16,122.3 1 0
github.com/numaestra/numaestra/internal/repository/postgres/account_repository.go:123.2,123.12 1 0
github.com/numaestra/numaestra/internal/repository/postgres/account_repository.go:126.92,134.16 4 0
github.com/numaestra/numaestra/internal/repository/postgres/account_repository.go:134.16,136.3 1 0
github.com/numaestra/numaestra/internal/repository/postgres/account_repository.go:137.2,137.29 1 0
github.com/numaestra/numaestra/internal/repository/postgres/account_repository.go:137.29,139.3 1 0
github.com/numaestra/numaestra/internal/repository/postgres/account_repository.go:140.2,140.12 1 0
github.com/numaestra/numaestra/internal/repository/postgres/account_repository.go:143.123,146.16 3 0
github.com/numaestra/numaestra/internal/repository/postgres/account_repository.go:146.16,148.3 1 0
github.com/numaestra/numaestra/internal/repository/postgres/account_repository.go:149.2,152.18 3 0
github.com/numaestra/numaestra/internal/repository/postgres/account_repository.go:152.18,159.17 3 0
github.com/numaestra/numaestra/internal/repository/postgres/account_repository.go:159.17,161.4 1 0
github.com/numaestra/numaestra/internal/repository/postgres/account_repository.go:162.3,162.67 1 0
github.com/numaestra/numaestra/internal/repository/postgres/account_repository.go:164.2,164.22 1 0
github.com/numaestra/numaestra/internal/repository/postgres/account_repository.go:168.86,171.16 3 0
github.com/numaestra/numaestra/internal/repository/postgres/account_repository.go:171.16,173.3 1 0
github.com/numaestra/numaestra/internal/repository/postgres/account_repository.go:174.2,177.18 3 0
github.com/numaestra/numaestra/internal/repository/postgres/account_repository.go:177.18,183.17 2 0
github.com/numaestra/numaestra/internal/repository/postgres/account_repository.go:183.17,185.4 1 0
github.com/numaestra/numaestra/internal/repository/postgres/account_repository.go:186.3,186.67 1 0
github.com/numaestra/numaestra/internal/repository/postgres/account_repository.go:188.2,188.22 1 0
github.com/numaestra/numaestra/internal/repository/postgres/account_repository.go:192.109,196.16 4 0
github.com/numaestra/numaestra/internal/repository/postgres/account_repository.go:196.16,198.3 1 0
github.com/numaestra/numaestra/internal/repository/postgres/account_repository.go:199.2,199.29 1 0
github.com/numaestra/numaestra/internal/repository/postgres/account_repository.go:199.29,201.3 1 0
github.com/numaestra/numaestra/internal/repository/postgres/account_repository.go:202.2,202.12 1 0
github.com/numaestra/numaestra/internal/repository/postgres/category_repository.go:18.66,20.2 1 0
github.com/numaestra/numaestra/internal/repository/postgres/category_repository.go:23.86,27.16 3 0
github.com/numaestra/numaestra/internal/repository/postgres/category_repository.go:27.16,29.3 1 0
github.com/numaestra/numaestra/internal/repository/postgres/category_repository.go:30.2,33.18 3 0
github.com/numaestra/numaestra/internal/repository/postgres/category_repository.go:33.18,35.113 2 0
github.com/numaestra/numaestra/internal/repository/postgres/category_repository.go:35.113,37.4 1 0
github.com/numaestra/numaestra/internal/repository/postgres/category_repository.go:38.3,38.64 1 0
github.com/numaestra/numaestra/internal/repository/postgres/category_repository.go:40.2,40.35 1 0
github.com/numaestra/numaestra/internal/repository/postgres/category_repository.go:40.35,42.3 1 0
github.com/numaestra/numaestra/internal/repository/postgres/category_repository.go:43.2,43.24 1 0
github.com/numaestra/numaestra/internal/repository/postgres/category_repository.go:48.96,101.35 5 0
github.com/numaestra/numaestra/internal/repository/postgres/category_repository.go:101.35,103.3 1 0
github.com/numaestra/numaestra/internal/repository/postgres/category_repository.go:104.2,104.16 1 0
github.com/numaestra/numaestra/internal/repository/postgres/category_repository.go:104.16,106.3 1 0
github.com/numaestra/numaestra/internal/repository/postgres/category_repository.go:108.2,108.71 1 0
github.com/numaestra/numaestra/internal/repository/postgres/category_repository.go:108.71,110.3 1 0
github.com/numaestra/numaestra/internal/repository/postgres/category_repository.go:112.2,112.42 1 0
github.com/numaestra/numaestra/internal/repository/postgres/order_repository.go:18.62,20.2 1 0
github.com/numaestra/numaestra/internal/repository/postgres/order_repository.go:27.60,28.38 1 0
github.com/numaestra/numaestra/internal/repository/postgres/order_repository.go:28.38,30.3 1 0
github.com/numaestra/numaestra/internal/repository/postgres/order_repository.go:31.2,31.15 1 0
github.com/numaestra/numaestra/internal/repository/postgres/order_repository.go:34.82,37.75 2 0
github.com/numaestra/numaestra/internal/repository/postgres/order_repository.go:37.75,49.17 3 0
github.com/numaestra/numaestra/internal/repository/postgres/order_repository.go:49.17,51.4 1 0
github.com/numaestra/numaestra/internal/repository/postgres/order_repository.go:53.3,53.69 1 0
github.com/numaestra/numaestra/internal/repository/postgres/order_repository.go:53.69,55.4 1 0
github.com/numaestra/numaestra/internal/repository/postgres/order_repository.go:56.3,56.13 1 0
github.com/numaestra/numaestra/internal/repository/postgres/order_repository.go:60.93,73.35 4 0
github.com/numaestra/numaestra/internal/repository/postgres/order_repository.go:73.35,75.3 1 0
github.com/numaestra/numaestra/internal/repository/postgres/order_repository.go:76.2,76.16 1 0
github.com/numaestra/numaestra/internal/repository/postgres/order_repository.go:76.16,78.3 1 0
github.com/numaestra/numaestra/internal/repository/postgres/order_repository.go:80.2,81.16 2 0
github.com/numaestra/numaestra/internal/repository/postgres/order_repository.go:81.16,83.3 1 0
github.com/numaestra/numaestra/internal/repository/postgres/order_repository.go:84.2,86.39 2 0
github.com/numaestra/numaestra/internal/repository/postgres/order_repository.go:89.103,102.35 4 0
github.com/numaestra/numaestra/internal/repository/postgres/order_repository.go:102.35,104.3 1 0
github.com/numaestra/numaestra/internal/repository/postgres/order_repository.go:105.2,105.16 1 0
github.com/numaestra/numaestra/internal/repository/postgres/order_repository.go:105.16,107.3 1 0
github.com/numaestra/numaestra/internal/repository/postgres/order_repository.go:109.2,110.16 2 0
github.com/numaestra/numaestra/internal/repository/postgres/order_repository.go:110.16,112.3 1 0
github.com/numaestra/numaestra/internal/repository/postgres/order_repository.go:113.2,115.39 2 0
github.com/numaestra/numaestra/internal/repository/postgres/order_repository.go:118.82,121.75 2 0
github.com/numaestra/numaestra/internal/repository/postgres/order_repository.go:121.75,128.17 3 0
github.com/numaestra/numaestra/internal/repository/postgres/order_repository.go:128.17,130.4 1 0
github.com/numaestra/numaestra/internal/repository/postgres/order_repository.go:131.3,131.30 1 0
github.com/numaestra/numaestra/internal/repository/postgres/order_repository.go:131.30,133.4 1 0
github.com/numaestra/numaestra/internal/repository/postgres/order_repository.go:135.3,135.69 1 0
github.com/numaestra/numaestra/internal/repository/postgres/order_repository.go:135.69,137.4 1 0
github.com/numaestra/numaestra/internal/repository/postgres/order_repository.go:138.3,138.13 1 0
github.com/numaestra/numaestra/internal/repository/postgres/order_repository.go:147.103,158.16 4 0
github.com/numaestra/numaestra/internal/repository/postgres/order_repository.go:158.16,160.3 1 0
github.com/numaestra/numaestra/internal/repository/postgres/order_repository.go:161.2,161.36 1 0
github.com/numaestra/numaestra/internal/repository/postgres/order_repository.go:164.126,171.16 3 0
github.com/numaestra/numaestra/internal/repository/postgres/order_repository.go:171.16,173.3 1 0
github.com/numaestra/numaestra/internal/repository/postgres/order_repository.go:174.2,178.18 4 0
github.com/numaestra/numaestra/internal/repository/postgres/order_repository.go:178.18,187.17 3 0
github.com/numaestra/numaestra/internal/repository/postgres/order_repository.go:187.17,189.4 1 0
github.com/numaestra/numaestra/internal/repository/postgres/order_repository.go:190.3,191.39 2 0
github.com/numaestra/numaestra/internal/repository/postgres/order_repository.go:193.2,193.35 1 0
github.com/numaestra/numaestra/internal/repository/postgres/order_repository.go:193.35,195.3 1 0
github.com/numaestra/numaestra/internal/repository/postgres/order_repository.go:196.2,196.21 1 0
github.com/numaestra/numaestra/internal/repository/postgres/order_repository.go:196.21,198.3 1 0
github.com/numaestra/numaestra/internal/repository/postgres/order_repository.go:201.2,202.16 2 0
github.com/numaestra/numaestra/internal/repository/postgres/order_repository.go:202.16,204.3 1 0
github.com/numaestra/numaestra/internal/repository/postgres/order_repository.go:207.2,208.29 2 0
github.com/numaestra/numaestra/internal/repository/postgres/order_repository.go:208.29,211.3 2 0
github.com/numaestra/numaestra/internal/repository/postgres/order_repository.go:212.2,212.20 1 0
github.com/numaestra/numaestra/internal/repository/postgres/order_repository.go:217.127,225.16 3 0
github.com/numaestra/numaestra/internal/repository/postgres/order_repository.go:225.16,227.3 1 0
github.com/numaestra/numaestra/internal/repository/postgres/order_repository.go:228.2,231.18 3 0
github.com/numaestra/numaestra/internal/repository/postgres/order_repository.go:231.18,234.107 3 0
github.com/numaestra/numaestra/internal/repository/postgres/order_repository.go:234.107,236.4 1 0
github.com/numaestra/numaestra/internal/repository/postgres/order_repository.go:237.3,237.47 1 0
github.com/numaestra/numaestra/internal/repository/postgres/order_repository.go:239.2,239.35 1 0
github.com/numaestra/numaestra/internal/repository/postgres/order_repository.go:239.35,241.3 1 0
github.com/numaestra/numaestra/internal/repository/postgres/order_repository.go:242.2,242.20 1 0
github.com/numaestra/numaestra/internal/repository/postgres/order_repository.go:245.126,251.16 3 0
github.com/numaestra/numaestra/internal/repository/postgres/order_repository.go:251.16,253.3 1 0
github.com/numaestra/numaestra/internal/repository/postgres/order_repository.go:254.2,258.18 4 0
github.com/numaestra/numaestra/internal/repository/postgres/order_repository.go:258.18,267.17 3 0
github.com/numaestra/numaestra/internal/repository/postgres/order_repository.go:267.17,269.4 1 0
github.com/numaestra/numaestra/internal/repository/postgres/order_repository.go:270.3,271.39 2 0
github.com/numaestra/numaestra/internal/repository/postgres/order_repository.go:273.2,273.35 1 0
github.com/numaestra/numaestra/internal/repository/postgres/order_repository.go:273.35,275.3 1 0
github.com/numaestra/numaestra/internal/repository/postgres/order_repository.go:276.2,276.21 1 0
github.com/numaestra/numaestra/internal/repository/postgres/order_repository.go:276.21,278.3 1 0
github.com/numaestra/numaestra/internal/repository/postgres/order_repository.go:280.2,281.16 2 0
github.com/numaestra/numaestra/internal/repository/postgres/order_repository.go:281.16,283.3 1 0
github.com/numaestra/numaestra/internal/repository/postgres/order_repository.go:285.2,286.29 2 0
github.com/numaestra/numaestra/internal/repository/postgres/order_repository.go:286.29,289.3 2 0
github.com/numaestra/numaestra/internal/repository/postgres/order_repository.go:290.2,290.20 1 0
github.com/numaestra/numaestra/internal/repository/postgres/order_repository.go:294.102,307.16 4 0
github.com/numaestra/numaestra/internal/repository/postgres/order_repository.go:307.16,308.36 1 0
github.com/numaestra/numaestra/internal/repository/postgres/order_repository.go:308.36,310.4 1 0
github.com/numaestra/numaestra/internal/repository/postgres/order_repository.go:311.3,311.63 1 0
github.com/numaestra/numaestra/internal/repository/postgres/order_repository.go:314.2,315.16 2 0
github.com/numaestra/numaestra/internal/repository/postgres/order_repository.go:315.16,317.3 1 0
github.com/numaestra/numaestra/internal/repository/postgres/order_repository.go:318.2,319.39 2 0
github.com/numaestra/numaestra/internal/repository/postgres/order_repository.go:323.77,325.96 2 0
github.com/numaestra/numaestra/internal/repository/postgres/order_repository.go:325.96,327.3 1 0
github.com/numaestra/numaestra/internal/repository/postgres/order_repository.go:328.2,328.16 1 0
github.com/numaestra/numaestra/internal/repository/postgres/order_repository.go:331.118,332.22 1 0
github.com/numaestra/numaestra/internal/repository/postgres/order_repository.go:332.22,334.3 1 0
github.com/numaestra/numaestra/internal/repository/postgres/order_repository.go:335.2,341.27 2 0
github.com/numaestra/numaestra/internal/repository/postgres/order_repository.go:341.27,343.17 2 0
github.com/numaestra/numaestra/internal/repository/postgres/order_repository.go:343.17,345.4 1 0
github.com/numaestra/numaestra/internal/repository/postgres/order_repository.go:347.2,347.12 1 0
github.com/numaestra/numaestra/internal/repository/postgres/order_repository.go:351.100,361.16 3 0
github.com/numaestra/numaestra/internal/repository/postgres/order_repository.go:361.16,363.3 1 0
github.com/numaestra/numaestra/internal/repository/postgres/order_repository.go:364.2,367.18 3 0
github.com/numaestra/numaestra/internal/repository/postgres/order_repository.go:367.18,375.17 2 0
github.com/numaestra/numaestra/internal/repository/postgres/order_repository.go:375.17,377.4 1 0
github.com/numaestra/numaestra/internal/repository/postgres/order_repository.go:378.3,378.30 1 0
github.com/numaestra/numaestra/internal/repository/postgres/order_repository.go:380.2,380.35 1 0
github.com/numaestra/numaestra/internal/repository/postgres/order_repository.go:380.35,382.3 1 0
github.com/numaestra/numaestra/internal/repository/postgres/order_repository.go:384.2,385.26 2 0
github.com/numaestra/numaestra/internal/repository/postgres/order_repository.go:385.26,387.3 1 0
github.com/numaestra/numaestra/internal/repository/postgres/order_repository.go:388.2,389.16 2 0
github.com/numaestra/numaestra/internal/repository/postgres/order_repository.go:389.16,391.3 1 0
github.com/numaestra/numaestra/internal/repository/postgres/order_repository.go:393.2,394.29 2 0
github.com/numaestra/numaestra/internal/repository/postgres/order_repository.go:394.29,397.3 2 0
github.com/numaestra/numaestra/internal/repository/postgres/order_repository.go:398.2,398.20 1 0
github.com/numaestra/numaestra/internal/repository/postgres/order_repository.go:402.70,405.16 3 0
github.com/numaestra/numaestra/internal/repository/postgres/order_repository.go:405.16,407.3 1 0
github.com/numaestra/numaestra/internal/repository/postgres/order_repository.go:408.2,408.19 1 0
github.com/numaestra/numaestra/internal/repository/postgres/order_repository.go:411.109,414.16 3 0
github.com/numaestra/numaestra/internal/repository/postgres/order_repository.go:414.16,416.3 1 0
github.com/numaestra/numaestra/internal/repository/postgres/order_repository.go:417.2,420.18 3 0
github.com/numaestra/numaestra/internal/repository/postgres/order_repository.go:420.18,423.17 3 0
github.com/numaestra/numaestra/internal/repository/postgres/order_repository.go:423.17,425.4 1 0
github.com/numaestra/numaestra/internal/repository/postgres/order_repository.go:426.3,426.29 1 0
github.com/numaestra/numaestra/internal/repository/postgres/order_repository.go:428.2,428.20 1 0
github.com/numaestra/numaestra/internal/repository/postgres/tx.go:27.61,29.2 1 0
github.com/numaestra/numaestra/internal/repository/postgres/tx.go:31.56,34.2 2 0
github.com/numaestra/numaestra/internal/repository/postgres/tx.go:38.39,39.13 1 0
github.com/numaestra/numaestra/internal/repository/postgres/tx.go:39.13,41.3 1 0
github.com/numaestra/numaestra/internal/repository/postgres/tx.go:42.2,42.11 1 0
github.com/numaestra/numaestra/internal/repository/postgres/tx.go:51.50,53.2 1 0
github.com/numaestra/numaestra/internal/repository/postgres/tx.go:58.87,59.37 1 0
github.com/numaestra/numaestra/internal/repository/postgres/tx.go:59.37,62.3 1 0
github.com/numaestra/numaestra/internal/repository/postgres/tx.go:64.2,65.16 2 0
github.com/numaestra/numaestra/internal/repository/postgres/tx.go:65.16,67.3 1 0
github.com/numaestra/numaestra/internal/repository/postgres/tx.go:68.2,68.15 1 0
github.com/numaestra/numaestra/internal/repository/postgres/tx.go:68.15,72.3 1 0
github.com/numaestra/numaestra/internal/repository/postgres/tx.go:74.2,74.44 1 0
github.com/numaestra/numaestra/internal/repository/postgres/tx.go:74.44,76.3 1 0
github.com/numaestra/numaestra/internal/repository/postgres/tx.go:78.2,78.39 1 0
github.com/numaestra/numaestra/internal/repository/postgres/tx.go:78.39,80.3 1 0
github.com/numaestra/numaestra/internal/repository/postgres/tx.go:81.2,81.12 1 0
github.com/numaestra/numaestra/internal/repository/postgres/tx.go:88.110,89.38 1 0
github.com/numaestra/numaestra/internal/repository/postgres/tx.go:89.38,91.3 1 0
github.com/numaestra/numaestra/internal/repository/postgres/tx.go:93.2,94.16 2 0
github.com/numaestra/numaestra/internal/repository/postgres/tx.go:94.16,96.3 1 0
github.com/numaestra/numaestra/internal/repository/postgres/tx.go:97.2,97.15 1 0
github.com/numaestra/numaestra/internal/repository/postgres/tx.go:97.15,97.39 1 0
github.com/numaestra/numaestra/internal/repository/postgres/tx.go:99.2,99.48 1 0
github.com/numaestra/numaestra/internal/repository/postgres/tx.go:99.48,101.3 1 0
github.com/numaestra/numaestra/internal/repository/postgres/tx.go:102.2,102.23 1 0
github.com/numaestra/numaestra/pkg/idempotency/store.go:43.41,45.2 1 0
github.com/numaestra/numaestra/pkg/idempotency/store.go:47.70,49.31 2 0
github.com/numaestra/numaestra/pkg/idempotency/store.go:49.31,51.3 1 0
github.com/numaestra/numaestra/pkg/idempotency/store.go:52.2,52.16 1 0
github.com/numaestra/numaestra/pkg/idempotency/store.go:52.16,54.3 1 0
github.com/numaestra/numaestra/pkg/idempotency/store.go:55.2,56.48 2 0
github.com/numaestra/numaestra/pkg/idempotency/store.go:56.48,58.3 1 0
github.com/numaestra/numaestra/pkg/idempotency/store.go:59.2,59.16 1 0
github.com/numaestra/numaestra/pkg/idempotency/store.go:64.64,66.16 2 0
github.com/numaestra/numaestra/pkg/idempotency/store.go:66.16,68.3 1 0
github.com/numaestra/numaestra/pkg/idempotency/store.go:69.2,69.9 1 0
github.com/numaestra/numaestra/pkg/idempotency/store.go:69.9,71.3 1 0
github.com/numaestra/numaestra/pkg/idempotency/store.go:72.2,72.12 1 0
github.com/numaestra/numaestra/pkg/idempotency/store.go:76.74,78.16 2 0
github.com/numaestra/numaestra/pkg/idempotency/store.go:78.16,80.3 1 0
github.com/numaestra/numaestra/pkg/idempotency/store.go:81.2,81.61 1 0
github.com/numaestra/numaestra/pkg/idempotency/store.go:84.63,86.2 1 0
github.com/numaestra/numaestra/pkg/metrics/metrics.go:73.29,75.2 1 0
github.com/numaestra/numaestra/pkg/health/health.go:31.65,33.2 1 0
github.com/numaestra/numaestra/pkg/health/health.go:42.67,52.27 5 0
github.com/numaestra/numaestra/pkg/health/health.go:52.27,53.16 1 0
github.com/numaestra/numaestra/pkg/health/health.go:53.16,55.9 2 0
github.com/numaestra/numaestra/pkg/health/health.go:59.2,60.21 2 0
github.com/numaestra/numaestra/pkg/health/health.go:60.21,62.3 1 0
github.com/numaestra/numaestra/pkg/health/health.go:64.2,66.77 3 0
github.com/numaestra/numaestra/pkg/health/health.go:69.61,70.39 1 0
github.com/numaestra/numaestra/pkg/health/health.go:70.39,72.3 1 0
github.com/numaestra/numaestra/pkg/health/health.go:73.2,73.13 1 0
github.com/numaestra/numaestra/pkg/health/health.go:76.39,83.46 3 0
github.com/numaestra/numaestra/pkg/health/health.go:83.46,85.3 1 0
github.com/numaestra/numaestra/pkg/health/health.go:86.2,86.13 1 0
